Using pre-set license
Built from '2022.3/staging' branch; Version is '2022.3.4f1 (35713cd46cd7) revision 3502396'; Using compiler version '192829333'; Build Type 'Release'
OS: 'Windows 11  (10.0.22621) 64bit CoreCountrySpecific' Language: 'zh' Physical Memory: 32386 MB
BatchMode: 1, IsHumanControllingUs: 0, StartBugReporterOnCrash: 0, Is64bit: 1, IsPro: 1

COMMAND LINE ARGUMENTS:
C:\Program Files\Unity\Hub\Editor\2022.3.4f1\Editor\Unity.exe
-adb2
-batchMode
-noUpm
-name
AssetImportWorker7
-projectPath
F:/Unity/project/3D Maze/3DmazeNew
-logFile
Logs/AssetImportWorker7.log
-srvPort
59705
Successfully changed project path to: F:/Unity/project/3D Maze/3DmazeNew
F:/Unity/project/3D Maze/3DmazeNew
[UnityMemory] Configuration Parameters - Can be set up in boot.config
    "memorysetup-bucket-allocator-granularity=16"
    "memorysetup-bucket-allocator-bucket-count=8"
    "memorysetup-bucket-allocator-block-size=33554432"
    "memorysetup-bucket-allocator-block-count=8"
    "memorysetup-main-allocator-block-size=16777216"
    "memorysetup-thread-allocator-block-size=16777216"
    "memorysetup-gfx-main-allocator-block-size=16777216"
    "memorysetup-gfx-thread-allocator-block-size=16777216"
    "memorysetup-cache-allocator-block-size=4194304"
    "memorysetup-typetree-allocator-block-size=2097152"
    "memorysetup-profiler-bucket-allocator-granularity=16"
    "memorysetup-profiler-bucket-allocator-bucket-count=8"
    "memorysetup-profiler-bucket-allocator-block-size=33554432"
    "memorysetup-profiler-bucket-allocator-block-count=8"
    "memorysetup-profiler-allocator-block-size=16777216"
    "memorysetup-profiler-editor-allocator-block-size=1048576"
    "memorysetup-temp-allocator-size-main=16777216"
    "memorysetup-job-temp-allocator-block-size=2097152"
    "memorysetup-job-temp-allocator-block-size-background=1048576"
    "memorysetup-job-temp-allocator-reduction-small-platforms=262144"
    "memorysetup-allocator-temp-initial-block-size-main=262144"
    "memorysetup-allocator-temp-initial-block-size-worker=262144"
    "memorysetup-temp-allocator-size-background-worker=32768"
    "memorysetup-temp-allocator-size-job-worker=262144"
    "memorysetup-temp-allocator-size-preload-manager=33554432"
    "memorysetup-temp-allocator-size-nav-mesh-worker=65536"
    "memorysetup-temp-allocator-size-audio-worker=65536"
    "memorysetup-temp-allocator-size-cloud-worker=32768"
    "memorysetup-temp-allocator-size-gi-baking-worker=262144"
    "memorysetup-temp-allocator-size-gfx=262144"
Player connection [12760] Host "[IP] 192.168.18.101 [Port] 0 [Flags] 2 [Guid] 3712292765 [EditorId] 3712292765 [Version] 1048832 [Id] WindowsEditor(7,Cheems) [Debug] 1 [PackageName] WindowsEditor [ProjectName] Editor" joined multi-casting on [225.0.0.222:54997]...

Player connection [12760] Host "[IP] 192.168.18.101 [Port] 0 [Flags] 2 [Guid] 3712292765 [EditorId] 3712292765 [Version] 1048832 [Id] WindowsEditor(7,Cheems) [Debug] 1 [PackageName] WindowsEditor [ProjectName] Editor" joined alternative multi-casting on [225.0.0.222:34997]...

Refreshing native plugins compatible for Editor in 4.61 ms, found 3 plugins.
Preloading 0 native plugins for Editor in 0.00 ms.
Initialize engine version: 2022.3.4f1 (35713cd46cd7)
[Subsystems] Discovering subsystems at path C:/Program Files/Unity/Hub/Editor/2022.3.4f1/Editor/Data/Resources/UnitySubsystems
[Subsystems] Discovering subsystems at path F:/Unity/project/3D Maze/3DmazeNew/Assets
GfxDevice: creating device client; threaded=0; jobified=0
Direct3D:
    Version:  Direct3D 11.0 [level 11.1]
    Renderer: NVIDIA GeForce RTX 4070 Laptop GPU (ID=0x2860)
    Vendor:   NVIDIA
    VRAM:     7962 MB
    Driver:   31.0.15.3713
Initialize mono
Mono path[0] = 'C:/Program Files/Unity/Hub/Editor/2022.3.4f1/Editor/Data/Managed'
Mono path[1] = 'C:/Program Files/Unity/Hub/Editor/2022.3.4f1/Editor/Data/MonoBleedingEdge/lib/mono/unityjit-win32'
Mono config path = 'C:/Program Files/Unity/Hub/Editor/2022.3.4f1/Editor/Data/MonoBleedingEdge/etc'
Using monoOptions --debugger-agent=transport=dt_socket,embedding=1,server=y,suspend=n,address=127.0.0.1:56396
Begin MonoManager ReloadAssembly
Registering precompiled unity dll's ...
Register platform support module: C:/Program Files/Unity/Hub/Editor/2022.3.4f1/Editor/Data/PlaybackEngines/WebGLSupport/UnityEditor.WebGL.Extensions.dll
Register platform support module: C:/Program Files/Unity/Hub/Editor/2022.3.4f1/Editor/Data/PlaybackEngines/AndroidPlayer/UnityEditor.Android.Extensions.dll
Register platform support module: C:/Program Files/Unity/Hub/Editor/2022.3.4f1/Editor/Data/PlaybackEngines/WindowsStandaloneSupport/UnityEditor.WindowsStandalone.Extensions.dll
Registered in 0.007105 seconds.
- Loaded All Assemblies, in  0.400 seconds
Native extension for WindowsStandalone target not found
Native extension for Android target not found
Android Extension - Scanning For ADB Devices 250 ms
Native extension for WebGL target not found
Mono: successfully reloaded assembly
- Finished resetting the current domain, in  0.554 seconds
Domain Reload Profiling: 954ms
	BeginReloadAssembly (109ms)
		ExecutionOrderSort (0ms)
		DisableScriptedObjects (0ms)
		BackupInstance (0ms)
		ReleaseScriptingObjects (0ms)
		CreateAndSetChildDomain (1ms)
	RebuildCommonClasses (41ms)
	RebuildNativeTypeToScriptingClass (9ms)
	initialDomainReloadingComplete (57ms)
	LoadAllAssembliesAndSetupDomain (182ms)
		LoadAssemblies (108ms)
		RebuildTransferFunctionScriptingTraits (0ms)
		AnalyzeDomain (176ms)
			TypeCache.Refresh (175ms)
				TypeCache.ScanAssembly (162ms)
			ScanForSourceGeneratedMonoScriptInfo (1ms)
			ResolveRequiredComponents (0ms)
	FinalizeReload (555ms)
		ReleaseScriptCaches (0ms)
		RebuildScriptCaches (0ms)
		SetupLoadedEditorAssemblies (504ms)
			LogAssemblyErrors (0ms)
			InitializePlatformSupportModulesInManaged (366ms)
			SetLoadedEditorAssemblies (3ms)
			RefreshPlugins (0ms)
			BeforeProcessingInitializeOnLoad (2ms)
			ProcessInitializeOnLoadAttributes (91ms)
			ProcessInitializeOnLoadMethodAttributes (42ms)
			AfterProcessingInitializeOnLoad (0ms)
			EditorAssembliesLoaded (0ms)
		ExecutionOrderSort2 (0ms)
		AwakeInstancesAfterBackupRestoration (0ms)
========================================================================
Worker process is ready to serve import requests
Begin MonoManager ReloadAssembly
- Loaded All Assemblies, in  0.898 seconds
Refreshing native plugins compatible for Editor in 1.49 ms, found 3 plugins.
Native extension for WindowsStandalone target not found
Native extension for Android target not found
Native extension for WebGL target not found
Mono: successfully reloaded assembly
- Finished resetting the current domain, in  0.519 seconds
Domain Reload Profiling: 1415ms
	BeginReloadAssembly (94ms)
		ExecutionOrderSort (0ms)
		DisableScriptedObjects (4ms)
		BackupInstance (0ms)
		ReleaseScriptingObjects (0ms)
		CreateAndSetChildDomain (17ms)
	RebuildCommonClasses (26ms)
	RebuildNativeTypeToScriptingClass (8ms)
	initialDomainReloadingComplete (44ms)
	LoadAllAssembliesAndSetupDomain (724ms)
		LoadAssemblies (301ms)
		RebuildTransferFunctionScriptingTraits (0ms)
		AnalyzeDomain (465ms)
			TypeCache.Refresh (429ms)
				TypeCache.ScanAssembly (411ms)
			ScanForSourceGeneratedMonoScriptInfo (27ms)
			ResolveRequiredComponents (9ms)
	FinalizeReload (519ms)
		ReleaseScriptCaches (0ms)
		RebuildScriptCaches (0ms)
		SetupLoadedEditorAssemblies (367ms)
			LogAssemblyErrors (0ms)
			InitializePlatformSupportModulesInManaged (20ms)
			SetLoadedEditorAssemblies (3ms)
			RefreshPlugins (0ms)
			BeforeProcessingInitializeOnLoad (49ms)
			ProcessInitializeOnLoadAttributes (237ms)
			ProcessInitializeOnLoadMethodAttributes (54ms)
			AfterProcessingInitializeOnLoad (3ms)
			EditorAssembliesLoaded (0ms)
		ExecutionOrderSort2 (0ms)
		AwakeInstancesAfterBackupRestoration (4ms)
Launched and connected shader compiler UnityShaderCompiler.exe after 0.05 seconds
Refreshing native plugins compatible for Editor in 2.31 ms, found 3 plugins.
Preloading 0 native plugins for Editor in 0.00 ms.
Unloading 5226 Unused Serialized files (Serialized files now loaded: 0)
Unloading 88 unused Assets / (1.2 MB). Loaded Objects now: 5680.
Memory consumption went from 197.9 MB to 196.7 MB.
Total: 4.419900 ms (FindLiveObjects: 0.336500 ms CreateObjectMapping: 0.146800 ms MarkObjects: 3.303200 ms  DeleteObjects: 0.632300 ms)

AssetImportParameters requested are different than current active one (requested -> active):
  custom:container-demuxer-ogg: 62fdf1f143b41e24485cea50d1cbac27 -> 
  custom:video-codec-MediaFoundation-h265: 746d11721c4dcdbdad8f713fa42b33f4 -> 
  custom:video-decoder-ogg-theora: a1e56fd34408186e4bbccfd4996cb3dc -> 
  custom:framework-win-MediaFoundation: 216162199b28c13a410421893ffa2e32 -> 
  custom:CustomObjectIndexerAttribute: a3ef5dd2817f97addfee359851a9dba5 -> 
  custom:container-demuxer-webm: 4f35f7cbe854078d1ac9338744f61a02 -> 
  custom:container-muxer-webm: aa71ff27fc2769a1b78a27578f13a17b -> 
  custom:video-decoder-webm-vp8: 9c59270c3fd7afecdb556c50c9e8de78 -> 
  custom:AudioImporter_EditorPlatform: d09bf68614088b80899f8185d706f6e7 -> 
  custom:video-encoder-webm-vp8: eb34c28f22e8b96e1ab97ce403110664 -> 
  custom:audio-decoder-ogg-vorbis: bf7c407c2cedff20999df2af8eb42d56 -> 
  custom:audio-encoder-webm-vorbis: bf7c407c2cedff20999df2af8eb42d56 -> 
========================================================================
Received Import Request.
  Time since last request: 156760.633123 seconds.
  path: Assets/GUI PRO Kit - Simple Casual/Sprite/Component/UI_Etc/Toggle_Switch_Frame_White.png
  artifactKey: Guid(16f175cc15cbc4973a2bff75ca51e5e7) Importer(815301076,1909f56bfc062723c751e8b465ee728b)
Start importing Assets/GUI PRO Kit - Simple Casual/Sprite/Component/UI_Etc/Toggle_Switch_Frame_White.png using Guid(16f175cc15cbc4973a2bff75ca51e5e7) Importer(815301076,1909f56bfc062723c751e8b465ee728b)  -> (artifact id: '9c775c352f83799f7ab54ff490eabb78') in 0.056774 seconds
Number of updated asset objects reloaded before import = 0
Number of asset objects unloaded after import = 3
========================================================================
Received Import Request.
  Time since last request: 0.000016 seconds.
  path: Assets/GUI PRO Kit - Simple Casual/Sprite/Component/UI_Etc/Toggle_Check_Frame_White1.png
  artifactKey: Guid(5ef2eeac7cb82408c964124aec48cb56) Importer(815301076,1909f56bfc062723c751e8b465ee728b)
Start importing Assets/GUI PRO Kit - Simple Casual/Sprite/Component/UI_Etc/Toggle_Check_Frame_White1.png using Guid(5ef2eeac7cb82408c964124aec48cb56) Importer(815301076,1909f56bfc062723c751e8b465ee728b)  -> (artifact id: '2dd7ad733bd3a2536908cc40f251fc1a') in 0.014980 seconds
Number of updated asset objects reloaded before import = 0
Number of asset objects unloaded after import = 3
========================================================================
Received Import Request.
  Time since last request: 0.000067 seconds.
  path: Assets/GUI PRO Kit - Simple Casual/Sprite/Component/Slider/Slider_Demo_Dark/Slider12_Frame.png
  artifactKey: Guid(5844f874e0e124bd7ae4c2a223f85eee) Importer(815301076,1909f56bfc062723c751e8b465ee728b)
Start importing Assets/GUI PRO Kit - Simple Casual/Sprite/Component/Slider/Slider_Demo_Dark/Slider12_Frame.png using Guid(5844f874e0e124bd7ae4c2a223f85eee) Importer(815301076,1909f56bfc062723c751e8b465ee728b)  -> (artifact id: 'bac63f641b3c6809f136aa2b9ca55665') in 0.013878 seconds
Number of updated asset objects reloaded before import = 0
Number of asset objects unloaded after import = 3
========================================================================
Received Import Request.
  Time since last request: 0.000013 seconds.
  path: Assets/AssetKits/ParticleImage/Demo/Textures/Sirop.png
  artifactKey: Guid(a3ce911c4e61a43f9a33728f5ac240bd) Importer(815301076,1909f56bfc062723c751e8b465ee728b)
Start importing Assets/AssetKits/ParticleImage/Demo/Textures/Sirop.png using Guid(a3ce911c4e61a43f9a33728f5ac240bd) Importer(815301076,1909f56bfc062723c751e8b465ee728b)  -> (artifact id: '75eccc7462745dc21a9b4c2d2807e933') in 0.015437 seconds
Number of updated asset objects reloaded before import = 0
Number of asset objects unloaded after import = 3
========================================================================
Received Import Request.
  Time since last request: 0.000042 seconds.
  path: Assets/GUI PRO Kit - Simple Casual/Sprite/Component/Frame/Frame_Demo_Dark/PictureFrame01_Frame.png
  artifactKey: Guid(effa108f13061487e847e4dcbe6c6b6d) Importer(815301076,1909f56bfc062723c751e8b465ee728b)
Start importing Assets/GUI PRO Kit - Simple Casual/Sprite/Component/Frame/Frame_Demo_Dark/PictureFrame01_Frame.png using Guid(effa108f13061487e847e4dcbe6c6b6d) Importer(815301076,1909f56bfc062723c751e8b465ee728b)  -> (artifact id: 'fb4f2aa52fbeb64e458e626cb2a5461f') in 0.007138 seconds
Number of updated asset objects reloaded before import = 0
Number of asset objects unloaded after import = 3
========================================================================
Received Import Request.
  Time since last request: 0.000011 seconds.
  path: Assets/GUI PRO Kit - Simple Casual/Sprite/Component/Frame/Frame_Demo_Light/PictureFrame01_Frame_Inner.png
  artifactKey: Guid(8db615afce13641bc826f2332d3aeee9) Importer(815301076,1909f56bfc062723c751e8b465ee728b)
Start importing Assets/GUI PRO Kit - Simple Casual/Sprite/Component/Frame/Frame_Demo_Light/PictureFrame01_Frame_Inner.png using Guid(8db615afce13641bc826f2332d3aeee9) Importer(815301076,1909f56bfc062723c751e8b465ee728b)  -> (artifact id: '6267573f40aaae77f56ced1054970897') in 0.008317 seconds
Number of updated asset objects reloaded before import = 0
Number of asset objects unloaded after import = 3
========================================================================
Received Import Request.
  Time since last request: 0.000011 seconds.
  path: Assets/GUI PRO Kit - Simple Casual/Sprite/Component/Popup/Popup_Demo_Light/MiddlePopup00.png
  artifactKey: Guid(2f42f8f090bb4490b94444c41fbc50cb) Importer(815301076,1909f56bfc062723c751e8b465ee728b)
Start importing Assets/GUI PRO Kit - Simple Casual/Sprite/Component/Popup/Popup_Demo_Light/MiddlePopup00.png using Guid(2f42f8f090bb4490b94444c41fbc50cb) Importer(815301076,1909f56bfc062723c751e8b465ee728b)  -> (artifact id: 'd24c016bb8762013ded28d040daa5874') in 0.011522 seconds
Number of updated asset objects reloaded before import = 0
Number of asset objects unloaded after import = 3
========================================================================
Received Import Request.
  Time since last request: 0.000012 seconds.
  path: Assets/GUI PRO Kit - Simple Casual/Sprite/Component/Frame/Frame_Demo_Light/TableFrame11.png
  artifactKey: Guid(f11186e1fd5494056ab553447e1ffd93) Importer(815301076,1909f56bfc062723c751e8b465ee728b)
Start importing Assets/GUI PRO Kit - Simple Casual/Sprite/Component/Frame/Frame_Demo_Light/TableFrame11.png using Guid(f11186e1fd5494056ab553447e1ffd93) Importer(815301076,1909f56bfc062723c751e8b465ee728b)  -> (artifact id: 'f5d06a5ce16c7605bf2115888ccc48ec') in 0.008059 seconds
Number of updated asset objects reloaded before import = 0
Number of asset objects unloaded after import = 3
========================================================================
Received Import Request.
  Time since last request: 0.000050 seconds.
  path: Assets/GUI PRO Kit - Simple Casual/Fonts/Rubik-SemiBold SDF.asset
  artifactKey: Guid(c9f0ab9a170fa4c3596972aa1db04a9a) Importer(815301076,1909f56bfc062723c751e8b465ee728b)
Start importing Assets/GUI PRO Kit - Simple Casual/Fonts/Rubik-SemiBold SDF.asset using Guid(c9f0ab9a170fa4c3596972aa1db04a9a) Importer(815301076,1909f56bfc062723c751e8b465ee728b)  -> (artifact id: 'e0aefec19983f3fb16cddeb42d1639da') in 0.043910 seconds
Number of updated asset objects reloaded before import = 0
Number of asset objects unloaded after import = 4
========================================================================
Received Import Request.
  Time since last request: 0.000017 seconds.
  path: Assets/GUI PRO Kit - Simple Casual/Sprite/Demo/Demo_ItemIcon_(OriginalSize)/itemicon_postbox.png
  artifactKey: Guid(300da6b6b1fae4e66a07e2fedd4cf7b2) Importer(815301076,1909f56bfc062723c751e8b465ee728b)
Start importing Assets/GUI PRO Kit - Simple Casual/Sprite/Demo/Demo_ItemIcon_(OriginalSize)/itemicon_postbox.png using Guid(300da6b6b1fae4e66a07e2fedd4cf7b2) Importer(815301076,1909f56bfc062723c751e8b465ee728b)  -> (artifact id: 'c62fe5bd0b2b4198037600f132c16d42') in 0.014350 seconds
Number of updated asset objects reloaded before import = 0
Number of asset objects unloaded after import = 3
========================================================================
Received Import Request.
  Time since last request: 0.000013 seconds.
  path: Assets/GUI PRO Kit - Simple Casual/Sprite/Demo/Demo_ItemIcon_(OriginalSize)/itemicon_home_shop_1.png
  artifactKey: Guid(0c024c875b7ef49ed9b3daed96300760) Importer(815301076,1909f56bfc062723c751e8b465ee728b)
Start importing Assets/GUI PRO Kit - Simple Casual/Sprite/Demo/Demo_ItemIcon_(OriginalSize)/itemicon_home_shop_1.png using Guid(0c024c875b7ef49ed9b3daed96300760) Importer(815301076,1909f56bfc062723c751e8b465ee728b)  -> (artifact id: 'e903d54bae2f1f308f2ad4b730fb05d5') in 0.013042 seconds
Number of updated asset objects reloaded before import = 0
Number of asset objects unloaded after import = 3
========================================================================
Received Import Request.
  Time since last request: 0.000024 seconds.
  path: Assets/GUI PRO Kit - Simple Casual/Sprite/Demo/Demo_ItemIcon_(OriginalSize)/itemicon_waterdrop_purple.png
  artifactKey: Guid(8878f43695de94b4e99e0b9b6328c26b) Importer(815301076,1909f56bfc062723c751e8b465ee728b)
Start importing Assets/GUI PRO Kit - Simple Casual/Sprite/Demo/Demo_ItemIcon_(OriginalSize)/itemicon_waterdrop_purple.png using Guid(8878f43695de94b4e99e0b9b6328c26b) Importer(815301076,1909f56bfc062723c751e8b465ee728b)  -> (artifact id: '538006ccbb55f3c3f2ceddb6801c21e6') in 0.016777 seconds
Number of updated asset objects reloaded before import = 0
Number of asset objects unloaded after import = 3
========================================================================
Received Import Request.
  Time since last request: 0.000350 seconds.
  path: Assets/GUI PRO Kit - Simple Casual/Sprite/Demo/Demo_ItemIcon_(OriginalSize)/itemicon_equipment_weapon_bow.png
  artifactKey: Guid(18d1f805a31744f76828abd9aca707f5) Importer(815301076,1909f56bfc062723c751e8b465ee728b)
Start importing Assets/GUI PRO Kit - Simple Casual/Sprite/Demo/Demo_ItemIcon_(OriginalSize)/itemicon_equipment_weapon_bow.png using Guid(18d1f805a31744f76828abd9aca707f5) Importer(815301076,1909f56bfc062723c751e8b465ee728b)  -> (artifact id: 'a3c048e7a8c5d362161464d3bf71956c') in 0.015883 seconds
Number of updated asset objects reloaded before import = 0
Number of asset objects unloaded after import = 3
========================================================================
Received Import Request.
  Time since last request: 0.000013 seconds.
  path: Assets/GUI PRO Kit - Simple Casual/Sprite/Demo/Demo_ItemIcon_(OriginalSize)/itemicon_equipment_armor.png
  artifactKey: Guid(151786faed0c64590a61fcc4b2659582) Importer(815301076,1909f56bfc062723c751e8b465ee728b)
Start importing Assets/GUI PRO Kit - Simple Casual/Sprite/Demo/Demo_ItemIcon_(OriginalSize)/itemicon_equipment_armor.png using Guid(151786faed0c64590a61fcc4b2659582) Importer(815301076,1909f56bfc062723c751e8b465ee728b)  -> (artifact id: 'ace5db708389df759f3af47b425c8786') in 0.015997 seconds
Number of updated asset objects reloaded before import = 0
Number of asset objects unloaded after import = 3
========================================================================
Received Import Request.
  Time since last request: 0.000016 seconds.
  path: Assets/GUI PRO Kit - Simple Casual/Sprite/Demo/Demo_ItemIcon_(OriginalSize)/itemicon_equipment_helmet.png
  artifactKey: Guid(9ca16ad327389437f937145370fb7c52) Importer(815301076,1909f56bfc062723c751e8b465ee728b)
Start importing Assets/GUI PRO Kit - Simple Casual/Sprite/Demo/Demo_ItemIcon_(OriginalSize)/itemicon_equipment_helmet.png using Guid(9ca16ad327389437f937145370fb7c52) Importer(815301076,1909f56bfc062723c751e8b465ee728b)  -> (artifact id: '996d96ce49430a0a0ba839e3a00d4c6f') in 0.014595 seconds
Number of updated asset objects reloaded before import = 0
Number of asset objects unloaded after import = 3
========================================================================
Received Import Request.
  Time since last request: 7.799038 seconds.
  path: Assets/GUI PRO Kit - Simple Casual/Sprite/Demo/Demo_ItemIcon_(OriginalSize)/itemicon_scroll_0.png
  artifactKey: Guid(c60bf8b7ce167431480fc30d83ec495e) Importer(815301076,1909f56bfc062723c751e8b465ee728b)
Start importing Assets/GUI PRO Kit - Simple Casual/Sprite/Demo/Demo_ItemIcon_(OriginalSize)/itemicon_scroll_0.png using Guid(c60bf8b7ce167431480fc30d83ec495e) Importer(815301076,1909f56bfc062723c751e8b465ee728b)  -> (artifact id: '31947bdc833dbb77ebe4c2aa3bad70c1') in 0.119926 seconds
Number of updated asset objects reloaded before import = 0
Number of asset objects unloaded after import = 3
========================================================================
Received Import Request.
  Time since last request: 0.000036 seconds.
  path: Assets/GUI PRO Kit - Simple Casual/Sprite/Component/Label/Label_Ribbon00_Color_Orange.png
  artifactKey: Guid(acc715c2612e34e4cac7546288327ba6) Importer(815301076,1909f56bfc062723c751e8b465ee728b)
Start importing Assets/GUI PRO Kit - Simple Casual/Sprite/Component/Label/Label_Ribbon00_Color_Orange.png using Guid(acc715c2612e34e4cac7546288327ba6) Importer(815301076,1909f56bfc062723c751e8b465ee728b)  -> (artifact id: 'e7df82a5de8134927b3cfa282e359969') in 0.068363 seconds
Number of updated asset objects reloaded before import = 0
Number of asset objects unloaded after import = 3
========================================================================
Received Import Request.
  Time since last request: 0.000135 seconds.
  path: Assets/GUI PRO Kit - Simple Casual/Sprite/Component/Frame/Frame_Demo_Common/MessageFrame_Blue.png
  artifactKey: Guid(a2cd3ecadb8e84d8cac749c30b1907df) Importer(815301076,1909f56bfc062723c751e8b465ee728b)
Start importing Assets/GUI PRO Kit - Simple Casual/Sprite/Component/Frame/Frame_Demo_Common/MessageFrame_Blue.png using Guid(a2cd3ecadb8e84d8cac749c30b1907df) Importer(815301076,1909f56bfc062723c751e8b465ee728b)  -> (artifact id: '89d70fade379aef574b7eb53d35701e2') in 0.056109 seconds
Number of updated asset objects reloaded before import = 0
Number of asset objects unloaded after import = 3
========================================================================
Received Import Request.
  Time since last request: 0.000140 seconds.
  path: Assets/GUI PRO Kit - Simple Casual/Sprite/Component/Label/Label_Ribbon00_Color_Purple.png
  artifactKey: Guid(0871cb8c4af1d4e31a1bc0ae9cee0a18) Importer(815301076,1909f56bfc062723c751e8b465ee728b)
Start importing Assets/GUI PRO Kit - Simple Casual/Sprite/Component/Label/Label_Ribbon00_Color_Purple.png using Guid(0871cb8c4af1d4e31a1bc0ae9cee0a18) Importer(815301076,1909f56bfc062723c751e8b465ee728b)  -> (artifact id: 'e9e04c7447593becd35e14b3e9b0e81f') in 0.037544 seconds
Number of updated asset objects reloaded before import = 0
Number of asset objects unloaded after import = 3
========================================================================
Received Import Request.
  Time since last request: 0.040570 seconds.
  path: Assets/GUI PRO Kit - Simple Casual/Sprite/Component/Frame/Frame_Demo_Light/PictureFrame00_Frame.png
  artifactKey: Guid(0ba3d0c0bf1434708af5f0f765f554e7) Importer(815301076,1909f56bfc062723c751e8b465ee728b)
Start importing Assets/GUI PRO Kit - Simple Casual/Sprite/Component/Frame/Frame_Demo_Light/PictureFrame00_Frame.png using Guid(0ba3d0c0bf1434708af5f0f765f554e7) Importer(815301076,1909f56bfc062723c751e8b465ee728b)  -> (artifact id: '8bb68773af0a7c5d02888278d161284c') in 0.015920 seconds
Number of updated asset objects reloaded before import = 0
Number of asset objects unloaded after import = 3
========================================================================
Received Import Request.
  Time since last request: 0.002780 seconds.
  path: Assets/GUI PRO Kit - Simple Casual/Sprite/Component/Popup/Popup_Demo_Light/Popup01_Frame3_gray.png
  artifactKey: Guid(da5126be84c404e8ebc70b9e9d278b19) Importer(815301076,1909f56bfc062723c751e8b465ee728b)
Start importing Assets/GUI PRO Kit - Simple Casual/Sprite/Component/Popup/Popup_Demo_Light/Popup01_Frame3_gray.png using Guid(da5126be84c404e8ebc70b9e9d278b19) Importer(815301076,1909f56bfc062723c751e8b465ee728b)  -> (artifact id: 'c3a5ffce41d6f73acb284d4124bc4ae3') in 0.012853 seconds
Number of updated asset objects reloaded before import = 0
Number of asset objects unloaded after import = 3
========================================================================
Received Import Request.
  Time since last request: 0.344563 seconds.
  path: Assets/GUI PRO Kit - Simple Casual/Sprite/Component/Popup/Popup_Demo_Dark/Popup03_Frame5.png
  artifactKey: Guid(2b81dc9566c854d1a98095fe06e12368) Importer(815301076,1909f56bfc062723c751e8b465ee728b)
Start importing Assets/GUI PRO Kit - Simple Casual/Sprite/Component/Popup/Popup_Demo_Dark/Popup03_Frame5.png using Guid(2b81dc9566c854d1a98095fe06e12368) Importer(815301076,1909f56bfc062723c751e8b465ee728b)  -> (artifact id: '094bd284498538054c2d3359f754a2d2') in 0.013818 seconds
Number of updated asset objects reloaded before import = 0
Number of asset objects unloaded after import = 3
========================================================================
Received Import Request.
  Time since last request: 1.903550 seconds.
  path: Assets/GUI PRO Kit - Simple Casual/Sprite/Demo/Demo_Play/minimap_me_right_dark.png
  artifactKey: Guid(b06eb4b09ea6542888a7b39fa0b7fc8a) Importer(815301076,1909f56bfc062723c751e8b465ee728b)
Start importing Assets/GUI PRO Kit - Simple Casual/Sprite/Demo/Demo_Play/minimap_me_right_dark.png using Guid(b06eb4b09ea6542888a7b39fa0b7fc8a) Importer(815301076,1909f56bfc062723c751e8b465ee728b)  -> (artifact id: '6ebc16d95d9f3e857c45dc8e835c6f06') in 0.017572 seconds
Number of updated asset objects reloaded before import = 0
Number of asset objects unloaded after import = 3
========================================================================
Received Import Request.
  Time since last request: 0.013300 seconds.
  path: Assets/GUI PRO Kit - Simple Casual/Sprite/Component/Frame/Frame_Demo_Dark/ListFrame10_s.png
  artifactKey: Guid(4354ac7138f0d426b930140fd1457550) Importer(815301076,1909f56bfc062723c751e8b465ee728b)
Start importing Assets/GUI PRO Kit - Simple Casual/Sprite/Component/Frame/Frame_Demo_Dark/ListFrame10_s.png using Guid(4354ac7138f0d426b930140fd1457550) Importer(815301076,1909f56bfc062723c751e8b465ee728b)  -> (artifact id: '811fd47ab4cb0e4dcdc6617cc48a3328') in 0.012292 seconds
Number of updated asset objects reloaded before import = 0
Number of asset objects unloaded after import = 3
========================================================================
Received Import Request.
  Time since last request: 0.003383 seconds.
  path: Assets/GUI PRO Kit - Simple Casual/Sprite/Demo/Demo_CountryFlag/Language_Flag_s_01_Prt.png
  artifactKey: Guid(69d41c967cf4648008a7d882fbbd18f3) Importer(815301076,1909f56bfc062723c751e8b465ee728b)
Start importing Assets/GUI PRO Kit - Simple Casual/Sprite/Demo/Demo_CountryFlag/Language_Flag_s_01_Prt.png using Guid(69d41c967cf4648008a7d882fbbd18f3) Importer(815301076,1909f56bfc062723c751e8b465ee728b)  -> (artifact id: 'ba2a48409889ff0f99fe648f106ca4d4') in 0.011543 seconds
Number of updated asset objects reloaded before import = 0
Number of asset objects unloaded after import = 3
========================================================================
Received Import Request.
  Time since last request: 0.012569 seconds.
  path: Assets/GUI PRO Kit - Simple Casual/Sprite/Component/Label/Label_Ribbon01.png
  artifactKey: Guid(2f25b1701fcee4175a69f01fb0064a93) Importer(815301076,1909f56bfc062723c751e8b465ee728b)
Start importing Assets/GUI PRO Kit - Simple Casual/Sprite/Component/Label/Label_Ribbon01.png using Guid(2f25b1701fcee4175a69f01fb0064a93) Importer(815301076,1909f56bfc062723c751e8b465ee728b)  -> (artifact id: '097805a325aa32cc1c387b5a2496947a') in 0.017410 seconds
Number of updated asset objects reloaded before import = 0
Number of asset objects unloaded after import = 3
========================================================================
Received Import Request.
  Time since last request: 0.000011 seconds.
  path: Assets/GUI PRO Kit - Simple Casual/Sprite/Demo/Demo_ItemIcon_(OriginalSize)/itemicon_movie.png
  artifactKey: Guid(1575bfa79ac384587bd83c3fff83e3a4) Importer(815301076,1909f56bfc062723c751e8b465ee728b)
Start importing Assets/GUI PRO Kit - Simple Casual/Sprite/Demo/Demo_ItemIcon_(OriginalSize)/itemicon_movie.png using Guid(1575bfa79ac384587bd83c3fff83e3a4) Importer(815301076,1909f56bfc062723c751e8b465ee728b)  -> (artifact id: '5320f8816ce34f84289da3c70b73cfbc') in 0.013753 seconds
Number of updated asset objects reloaded before import = 0
Number of asset objects unloaded after import = 3
========================================================================
Received Import Request.
  Time since last request: 0.005039 seconds.
  path: Assets/GUI PRO Kit - Simple Casual/Sprite/Demo/Demo_ItemIcon_(OriginalSize)/itemicon_burger.png
  artifactKey: Guid(2a5788756fbbe42aab94ae15ff1fc94f) Importer(815301076,1909f56bfc062723c751e8b465ee728b)
Start importing Assets/GUI PRO Kit - Simple Casual/Sprite/Demo/Demo_ItemIcon_(OriginalSize)/itemicon_burger.png using Guid(2a5788756fbbe42aab94ae15ff1fc94f) Importer(815301076,1909f56bfc062723c751e8b465ee728b)  -> (artifact id: '4e683ff158225a14d2315370ee1ff750') in 0.019243 seconds
Number of updated asset objects reloaded before import = 0
Number of asset objects unloaded after import = 3
========================================================================
Received Import Request.
  Time since last request: 0.000010 seconds.
  path: Assets/GUI PRO Kit - Simple Casual/Sprite/Component/Frame/Frame_Demo_Light/ItemFrame06_Gray.png
  artifactKey: Guid(9d24af02636ec431eaef47a3765a2818) Importer(815301076,1909f56bfc062723c751e8b465ee728b)
Start importing Assets/GUI PRO Kit - Simple Casual/Sprite/Component/Frame/Frame_Demo_Light/ItemFrame06_Gray.png using Guid(9d24af02636ec431eaef47a3765a2818) Importer(815301076,1909f56bfc062723c751e8b465ee728b)  -> (artifact id: '832b95f00c8a92ba8d0e6af3ddf7888a') in 0.013225 seconds
Number of updated asset objects reloaded before import = 0
Number of asset objects unloaded after import = 3
========================================================================
Received Import Request.
  Time since last request: 0.000013 seconds.
  path: Assets/GUI PRO Kit - Simple Casual/Sprite/Component/Frame/Frame_Demo_Light/ItemFrame01_Frame_n_Red.png
  artifactKey: Guid(6173aa1880bd2427c966daed84988479) Importer(815301076,1909f56bfc062723c751e8b465ee728b)
Start importing Assets/GUI PRO Kit - Simple Casual/Sprite/Component/Frame/Frame_Demo_Light/ItemFrame01_Frame_n_Red.png using Guid(6173aa1880bd2427c966daed84988479) Importer(815301076,1909f56bfc062723c751e8b465ee728b)  -> (artifact id: '925f862835a9fafcbe7694fba0541fa5') in 0.014368 seconds
Number of updated asset objects reloaded before import = 0
Number of asset objects unloaded after import = 3
========================================================================
Received Import Request.
  Time since last request: 0.000030 seconds.
  path: Assets/GUI PRO Kit - Simple Casual/Sprite/Demo/Demo_Image/Image_Platform_Light.png
  artifactKey: Guid(85b340e7bcedf4f1793df945f6874c6b) Importer(815301076,1909f56bfc062723c751e8b465ee728b)
Start importing Assets/GUI PRO Kit - Simple Casual/Sprite/Demo/Demo_Image/Image_Platform_Light.png using Guid(85b340e7bcedf4f1793df945f6874c6b) Importer(815301076,1909f56bfc062723c751e8b465ee728b)  -> (artifact id: 'db615034adb58c67888d368db01112f6') in 0.014454 seconds
Number of updated asset objects reloaded before import = 0
Number of asset objects unloaded after import = 3
========================================================================
Received Import Request.
  Time since last request: 0.000053 seconds.
  path: Assets/GUI PRO Kit - Simple Casual/Sprite/Demo/Demo_Icon/IconGroup_StatsIcon_Sword.png
  artifactKey: Guid(57c9bc65f09114f608733305e6e15e2a) Importer(815301076,1909f56bfc062723c751e8b465ee728b)
Start importing Assets/GUI PRO Kit - Simple Casual/Sprite/Demo/Demo_Icon/IconGroup_StatsIcon_Sword.png using Guid(57c9bc65f09114f608733305e6e15e2a) Importer(815301076,1909f56bfc062723c751e8b465ee728b)  -> (artifact id: '605a0c099205e74232c17db55849f1e9') in 0.012800 seconds
Number of updated asset objects reloaded before import = 0
Number of asset objects unloaded after import = 3
========================================================================
Received Import Request.
  Time since last request: 0.000015 seconds.
  path: Assets/GUI PRO Kit - Simple Casual/Sprite/Demo/Demo_Icon/IconGroup_RoleIcon_01.png
  artifactKey: Guid(68813275acedb4983bdec002efa38bbe) Importer(815301076,1909f56bfc062723c751e8b465ee728b)
Start importing Assets/GUI PRO Kit - Simple Casual/Sprite/Demo/Demo_Icon/IconGroup_RoleIcon_01.png using Guid(68813275acedb4983bdec002efa38bbe) Importer(815301076,1909f56bfc062723c751e8b465ee728b)  -> (artifact id: 'b5942d3a1d4d780c4e043797135048d0') in 0.011688 seconds
Number of updated asset objects reloaded before import = 0
Number of asset objects unloaded after import = 3
========================================================================
Received Import Request.
  Time since last request: 0.000026 seconds.
  path: Assets/GUI PRO Kit - Simple Casual/Sprite/Demo/Demo_Icon/IconGroup_StatsIcon_Life.png
  artifactKey: Guid(cca5d5ae3af5a4596827c2a3e30feafe) Importer(815301076,1909f56bfc062723c751e8b465ee728b)
Start importing Assets/GUI PRO Kit - Simple Casual/Sprite/Demo/Demo_Icon/IconGroup_StatsIcon_Life.png using Guid(cca5d5ae3af5a4596827c2a3e30feafe) Importer(815301076,1909f56bfc062723c751e8b465ee728b)  -> (artifact id: '572f8887d82edfdce749836668d89ef4') in 0.012938 seconds
Number of updated asset objects reloaded before import = 0
Number of asset objects unloaded after import = 3
========================================================================
Received Import Request.
  Time since last request: 0.000018 seconds.
  path: Assets/GUI PRO Kit - Simple Casual/Sprite/Demo/Demo_Image/Image_Leaf.png
  artifactKey: Guid(71cc684e10cb440a580673e0f58a7ee6) Importer(815301076,1909f56bfc062723c751e8b465ee728b)
Start importing Assets/GUI PRO Kit - Simple Casual/Sprite/Demo/Demo_Image/Image_Leaf.png using Guid(71cc684e10cb440a580673e0f58a7ee6) Importer(815301076,1909f56bfc062723c751e8b465ee728b)  -> (artifact id: 'ec0ab6fb77db2fd4a0a9d6649bcb312a') in 0.011813 seconds
Number of updated asset objects reloaded before import = 0
Number of asset objects unloaded after import = 3
========================================================================
Received Import Request.
  Time since last request: 0.000011 seconds.
  path: Assets/GUI PRO Kit - Simple Casual/Sprite/Demo/Demo_Icon/Icon_WhiteIcon_check_m.png
  artifactKey: Guid(cc04d8c6097ab4aafbfd11cf1801eba6) Importer(815301076,1909f56bfc062723c751e8b465ee728b)
Start importing Assets/GUI PRO Kit - Simple Casual/Sprite/Demo/Demo_Icon/Icon_WhiteIcon_check_m.png using Guid(cc04d8c6097ab4aafbfd11cf1801eba6) Importer(815301076,1909f56bfc062723c751e8b465ee728b)  -> (artifact id: '9e1785bcff22621a5547ba98d876edd3') in 0.012475 seconds
Number of updated asset objects reloaded before import = 0
Number of asset objects unloaded after import = 3
========================================================================
Received Import Request.
  Time since last request: 0.000018 seconds.
  path: Assets/GUI PRO Kit - Simple Casual/Sprite/Demo/Demo_Icon/Icon_RankIcon_Star01_m.png
  artifactKey: Guid(7d918fa8185ed4a3cba7643fb4248d54) Importer(815301076,1909f56bfc062723c751e8b465ee728b)
Start importing Assets/GUI PRO Kit - Simple Casual/Sprite/Demo/Demo_Icon/Icon_RankIcon_Star01_m.png using Guid(7d918fa8185ed4a3cba7643fb4248d54) Importer(815301076,1909f56bfc062723c751e8b465ee728b)  -> (artifact id: '4907a8de2217dcbe179bd1ad1fe59ab3') in 0.010778 seconds
Number of updated asset objects reloaded before import = 0
Number of asset objects unloaded after import = 3
========================================================================
Received Import Request.
  Time since last request: 0.000069 seconds.
  path: Assets/GUI PRO Kit - Simple Casual/Sprite/Component/Frame/Frame_Demo_Dark/ItemFrame01_Frame_n_Green1.png
  artifactKey: Guid(fc088111891084152aae370e634ef0a3) Importer(815301076,1909f56bfc062723c751e8b465ee728b)
Start importing Assets/GUI PRO Kit - Simple Casual/Sprite/Component/Frame/Frame_Demo_Dark/ItemFrame01_Frame_n_Green1.png using Guid(fc088111891084152aae370e634ef0a3) Importer(815301076,1909f56bfc062723c751e8b465ee728b)  -> (artifact id: '9742594d2e7ffa0dc0abcebca61847a4') in 0.012468 seconds
Number of updated asset objects reloaded before import = 0
Number of asset objects unloaded after import = 3
========================================================================
Received Import Request.
  Time since last request: 0.359183 seconds.
  path: Assets/GUI PRO Kit - Simple Casual/Sprite/Demo/Demo_Icon/Icon_ColorIcon_Info.png
  artifactKey: Guid(285d37cb6c60e48cf9e24109be720d33) Importer(815301076,1909f56bfc062723c751e8b465ee728b)
Start importing Assets/GUI PRO Kit - Simple Casual/Sprite/Demo/Demo_Icon/Icon_ColorIcon_Info.png using Guid(285d37cb6c60e48cf9e24109be720d33) Importer(815301076,1909f56bfc062723c751e8b465ee728b)  -> (artifact id: '89c598e7dfcae2874789912c4ad7cbb9') in 0.013257 seconds
Number of updated asset objects reloaded before import = 0
Number of asset objects unloaded after import = 3
========================================================================
Received Import Request.
  Time since last request: 0.000011 seconds.
  path: Assets/GUI PRO Kit - Simple Casual/Fonts/Rubik-Medium.ttf
  artifactKey: Guid(de103b4fa240e436881894b6f0fc6c42) Importer(815301076,1909f56bfc062723c751e8b465ee728b)
Start importing Assets/GUI PRO Kit - Simple Casual/Fonts/Rubik-Medium.ttf using Guid(de103b4fa240e436881894b6f0fc6c42) Importer(815301076,1909f56bfc062723c751e8b465ee728b)  -> (artifact id: '46aab08bc07a254d9a4b96dec6b1876f') in 0.013960 seconds
Number of updated asset objects reloaded before import = 0
Number of asset objects unloaded after import = 4
========================================================================
Received Import Request.
  Time since last request: 0.000011 seconds.
  path: Assets/GUI PRO Kit - Simple Casual/Fonts/Rubik-SemiBold.ttf
  artifactKey: Guid(6cfc80c7cfc224830ba9513ae06a46e9) Importer(815301076,1909f56bfc062723c751e8b465ee728b)
Start importing Assets/GUI PRO Kit - Simple Casual/Fonts/Rubik-SemiBold.ttf using Guid(6cfc80c7cfc224830ba9513ae06a46e9) Importer(815301076,1909f56bfc062723c751e8b465ee728b)  -> (artifact id: '2c994eef3215ff77b279e50f73b79b5a') in 0.007134 seconds
Number of updated asset objects reloaded before import = 0
Number of asset objects unloaded after import = 4
========================================================================
Received Import Request.
  Time since last request: 0.000009 seconds.
  path: Assets/GUI PRO Kit - Simple Casual/Sprite/Component/Frame/Frame_Custom/DailyFrame02_White2.png
  artifactKey: Guid(5dd2cac39db984f6c86d16f1b9d1ab85) Importer(815301076,1909f56bfc062723c751e8b465ee728b)
Start importing Assets/GUI PRO Kit - Simple Casual/Sprite/Component/Frame/Frame_Custom/DailyFrame02_White2.png using Guid(5dd2cac39db984f6c86d16f1b9d1ab85) Importer(815301076,1909f56bfc062723c751e8b465ee728b)  -> (artifact id: 'e0f67f2d4265fbb45b6c553327a1e63e') in 0.013770 seconds
Number of updated asset objects reloaded before import = 0
Number of asset objects unloaded after import = 3
========================================================================
Received Import Request.
  Time since last request: 0.000147 seconds.
  path: Assets/GUI PRO Kit - Simple Casual/Sprite/Component/UI_Etc/DailyStamp_s_White2.png
  artifactKey: Guid(a7b3f914c0e8c47dba1f7c0ac485ffaa) Importer(815301076,1909f56bfc062723c751e8b465ee728b)
Start importing Assets/GUI PRO Kit - Simple Casual/Sprite/Component/UI_Etc/DailyStamp_s_White2.png using Guid(a7b3f914c0e8c47dba1f7c0ac485ffaa) Importer(815301076,1909f56bfc062723c751e8b465ee728b)  -> (artifact id: '54c11934049b75850869a2f94b4f1738') in 0.012332 seconds
Number of updated asset objects reloaded before import = 0
Number of asset objects unloaded after import = 3
========================================================================
Received Import Request.
  Time since last request: 0.000012 seconds.
  path: Assets/AssetKits/ParticleImage/Demo/Textures/Heart2.png
  artifactKey: Guid(af3ee6b9a80f441fcaf53ac16dc16985) Importer(815301076,1909f56bfc062723c751e8b465ee728b)
Start importing Assets/AssetKits/ParticleImage/Demo/Textures/Heart2.png using Guid(af3ee6b9a80f441fcaf53ac16dc16985) Importer(815301076,1909f56bfc062723c751e8b465ee728b)  -> (artifact id: '497e72e7d24ccd0a4cab5e80e8181994') in 0.013342 seconds
Number of updated asset objects reloaded before import = 0
Number of asset objects unloaded after import = 3
========================================================================
Received Import Request.
  Time since last request: 0.113641 seconds.
  path: Assets/GUI PRO Kit - Simple Casual/Sprite/Component/Frame/Frame_Demo_Dark/DailyFrame02_n_Navy2.png
  artifactKey: Guid(55d1a60addf1c4967a20b43313c65bb4) Importer(815301076,1909f56bfc062723c751e8b465ee728b)
Start importing Assets/GUI PRO Kit - Simple Casual/Sprite/Component/Frame/Frame_Demo_Dark/DailyFrame02_n_Navy2.png using Guid(55d1a60addf1c4967a20b43313c65bb4) Importer(815301076,1909f56bfc062723c751e8b465ee728b)  -> (artifact id: '47c42ae2f411728f85ca299a5558f413') in 0.010285 seconds
Number of updated asset objects reloaded before import = 0
Number of asset objects unloaded after import = 3
========================================================================
Received Import Request.
  Time since last request: 0.000010 seconds.
  path: Assets/GUI PRO Kit - Simple Casual/Sprite/Component/Frame/Frame_Demo_Dark/DailyFrame02_s_Blue1.png
  artifactKey: Guid(a4f8d5674208c4f008343cb9afba6ffe) Importer(815301076,1909f56bfc062723c751e8b465ee728b)
Start importing Assets/GUI PRO Kit - Simple Casual/Sprite/Component/Frame/Frame_Demo_Dark/DailyFrame02_s_Blue1.png using Guid(a4f8d5674208c4f008343cb9afba6ffe) Importer(815301076,1909f56bfc062723c751e8b465ee728b)  -> (artifact id: '8f8ca6dcb844c719c6128c739e0660d8') in 0.013855 seconds
Number of updated asset objects reloaded before import = 0
Number of asset objects unloaded after import = 3
========================================================================
Received Import Request.
  Time since last request: 0.003200 seconds.
  path: Assets/GUI PRO Kit - Simple Casual/Sprite/Component/Frame/Frame_Demo_Dark/DailyFrame01_n_Navy2.png
  artifactKey: Guid(8afee8a4e4d344d7fac201d6108d267a) Importer(815301076,1909f56bfc062723c751e8b465ee728b)
Start importing Assets/GUI PRO Kit - Simple Casual/Sprite/Component/Frame/Frame_Demo_Dark/DailyFrame01_n_Navy2.png using Guid(8afee8a4e4d344d7fac201d6108d267a) Importer(815301076,1909f56bfc062723c751e8b465ee728b)  -> (artifact id: '226353e0ca04b6f5f710218e7277bdef') in 0.012470 seconds
Number of updated asset objects reloaded before import = 0
Number of asset objects unloaded after import = 3
========================================================================
Received Import Request.
  Time since last request: 0.001779 seconds.
  path: Assets/AssetKits/ParticleImage/Demo/Textures/Coin.png
  artifactKey: Guid(ad4dc8a4ad4fb4d23919c8bd6edecee3) Importer(815301076,1909f56bfc062723c751e8b465ee728b)
Start importing Assets/AssetKits/ParticleImage/Demo/Textures/Coin.png using Guid(ad4dc8a4ad4fb4d23919c8bd6edecee3) Importer(815301076,1909f56bfc062723c751e8b465ee728b)  -> (artifact id: '743c2ba7796f567d6ef650943776cf46') in 0.012779 seconds
Number of updated asset objects reloaded before import = 0
Number of asset objects unloaded after import = 3
========================================================================
Received Import Request.
  Time since last request: 0.009960 seconds.
  path: Assets/GUI PRO Kit - Simple Casual/Sprite/Component/Frame/Frame_Demo_Dark/ChatFrmae03_1.png
  artifactKey: Guid(165c498bb8b354798b89692071961215) Importer(815301076,1909f56bfc062723c751e8b465ee728b)
Start importing Assets/GUI PRO Kit - Simple Casual/Sprite/Component/Frame/Frame_Demo_Dark/ChatFrmae03_1.png using Guid(165c498bb8b354798b89692071961215) Importer(815301076,1909f56bfc062723c751e8b465ee728b)  -> (artifact id: 'ebf2e4c9aed0091e642b9514339b6f52') in 0.013416 seconds
Number of updated asset objects reloaded before import = 0
Number of asset objects unloaded after import = 3
========================================================================
Received Import Request.
  Time since last request: 0.001029 seconds.
  path: Assets/GUI PRO Kit - Simple Casual/Sprite/Component/Frame/Frame_Demo_Dark/ChatFrmae01.png
  artifactKey: Guid(d4e139be6f7e5430e8882ce1353ffa11) Importer(815301076,1909f56bfc062723c751e8b465ee728b)
Start importing Assets/GUI PRO Kit - Simple Casual/Sprite/Component/Frame/Frame_Demo_Dark/ChatFrmae01.png using Guid(d4e139be6f7e5430e8882ce1353ffa11) Importer(815301076,1909f56bfc062723c751e8b465ee728b)  -> (artifact id: '2770e4a347dcd84b5adb29ec709f944a') in 0.016027 seconds
Number of updated asset objects reloaded before import = 0
Number of asset objects unloaded after import = 3
========================================================================
Received Import Request.
  Time since last request: 0.009164 seconds.
  path: Assets/GUI PRO Kit - Simple Casual/Sprite/Demo/Demo_Character/Character_s_Sample04.png
  artifactKey: Guid(22eed9b1971a14b4ab86737e931c2611) Importer(815301076,1909f56bfc062723c751e8b465ee728b)
Start importing Assets/GUI PRO Kit - Simple Casual/Sprite/Demo/Demo_Character/Character_s_Sample04.png using Guid(22eed9b1971a14b4ab86737e931c2611) Importer(815301076,1909f56bfc062723c751e8b465ee728b)  -> (artifact id: '749842fcf5b29d08df4eba0f2db8a6f3') in 0.021412 seconds
Number of updated asset objects reloaded before import = 0
Number of asset objects unloaded after import = 3
========================================================================
Received Import Request.
  Time since last request: 35.115553 seconds.
  path: Assets/GUI PRO Kit - Simple Casual/Sprite/Component/Frame/Frame_Demo_Light/ItemFrame01_Frame_n_Gray.png
  artifactKey: Guid(d61587a2d9bcf4cb6b573be18771106a) Importer(815301076,1909f56bfc062723c751e8b465ee728b)
Start importing Assets/GUI PRO Kit - Simple Casual/Sprite/Component/Frame/Frame_Demo_Light/ItemFrame01_Frame_n_Gray.png using Guid(d61587a2d9bcf4cb6b573be18771106a) Importer(815301076,1909f56bfc062723c751e8b465ee728b)  -> (artifact id: 'c2319c6b35b9ca605391a946922828b7') in 0.014628 seconds
Number of updated asset objects reloaded before import = 0
Number of asset objects unloaded after import = 3
========================================================================
Received Import Request.
  Time since last request: 47.495987 seconds.
  path: Assets/AssetKits/ParticleImage/Demo/Textures/4Star.png
  artifactKey: Guid(5a6b42d1cb16d4e80a04cea43bc257bd) Importer(815301076,1909f56bfc062723c751e8b465ee728b)
Start importing Assets/AssetKits/ParticleImage/Demo/Textures/4Star.png using Guid(5a6b42d1cb16d4e80a04cea43bc257bd) Importer(815301076,1909f56bfc062723c751e8b465ee728b)  -> (artifact id: '3dda36580a52c8f5397348c18bc1784a') in 0.060053 seconds
Number of updated asset objects reloaded before import = 0
Number of asset objects unloaded after import = 3
========================================================================
Received Import Request.
  Time since last request: 4.960170 seconds.
  path: Assets/GUI PRO Kit - Simple Casual/Preview/026_Lobby_Popup_User_Info.png
  artifactKey: Guid(63b4e537cab7d42969eb88e4dff5fc47) Importer(815301076,1909f56bfc062723c751e8b465ee728b)
Start importing Assets/GUI PRO Kit - Simple Casual/Preview/026_Lobby_Popup_User_Info.png using Guid(63b4e537cab7d42969eb88e4dff5fc47) Importer(815301076,1909f56bfc062723c751e8b465ee728b)  -> (artifact id: '3d9d0875ced2ab4815280fb2741e4dfe') in 0.058580 seconds
Number of updated asset objects reloaded before import = 0
Number of asset objects unloaded after import = 3
========================================================================
Received Import Request.
  Time since last request: 0.000045 seconds.
  path: Assets/GUI PRO Kit - Simple Casual/Preview/079_Play_Result_Continue.png
  artifactKey: Guid(2912a6ada0df1435ca08019547e6552d) Importer(815301076,1909f56bfc062723c751e8b465ee728b)
Start importing Assets/GUI PRO Kit - Simple Casual/Preview/079_Play_Result_Continue.png using Guid(2912a6ada0df1435ca08019547e6552d) Importer(815301076,1909f56bfc062723c751e8b465ee728b)  -> (artifact id: '67d74caeac0a6b9859425280d67ba422') in 0.071507 seconds
Number of updated asset objects reloaded before import = 0
Number of asset objects unloaded after import = 3
========================================================================
Received Import Request.
  Time since last request: 0.000011 seconds.
  path: Assets/GUI PRO Kit - Simple Casual/Preview/075_Play_Type_03.png
  artifactKey: Guid(971841ac636ab4e57b20896b47003840) Importer(815301076,1909f56bfc062723c751e8b465ee728b)
Start importing Assets/GUI PRO Kit - Simple Casual/Preview/075_Play_Type_03.png using Guid(971841ac636ab4e57b20896b47003840) Importer(815301076,1909f56bfc062723c751e8b465ee728b)  -> (artifact id: 'a718832272440fe0cf849154f87429fe') in 0.079755 seconds
Number of updated asset objects reloaded before import = 0
Number of asset objects unloaded after import = 3
========================================================================
Received Import Request.
  Time since last request: 0.000010 seconds.
  path: Assets/GUI PRO Kit - Simple Casual/Preview/027_Lobby_Popup_User_Info.png
  artifactKey: Guid(4c7436bb88e2341beaa81de1bd3ebbe8) Importer(815301076,1909f56bfc062723c751e8b465ee728b)
Start importing Assets/GUI PRO Kit - Simple Casual/Preview/027_Lobby_Popup_User_Info.png using Guid(4c7436bb88e2341beaa81de1bd3ebbe8) Importer(815301076,1909f56bfc062723c751e8b465ee728b)  -> (artifact id: 'efc467df61b1af52696efcc024332363') in 0.064035 seconds
Number of updated asset objects reloaded before import = 0
Number of asset objects unloaded after import = 3
========================================================================
Received Import Request.
  Time since last request: 0.000016 seconds.
  path: Assets/GUI PRO Kit - Simple Casual/Sprite/Component/Frame/Frame_Demo_Light/BasicFrame_Circle_129.png
  artifactKey: Guid(493b75bc9a1104b5ab5e8ce6ecec80da) Importer(815301076,1909f56bfc062723c751e8b465ee728b)
Start importing Assets/GUI PRO Kit - Simple Casual/Sprite/Component/Frame/Frame_Demo_Light/BasicFrame_Circle_129.png using Guid(493b75bc9a1104b5ab5e8ce6ecec80da) Importer(815301076,1909f56bfc062723c751e8b465ee728b)  -> (artifact id: '0fb1b0bf385122700930f6431d6fcc57') in 0.044259 seconds
Number of updated asset objects reloaded before import = 0
Number of asset objects unloaded after import = 3
========================================================================
Received Import Request.
  Time since last request: 0.000016 seconds.
  path: Assets/GUI PRO Kit - Simple Casual/Sprite/Component/Frame/Frame_Demo_Common/BasicFrame_Square02_Sky.png
  artifactKey: Guid(c60f11d8c0b5b413ba527f6b4b603242) Importer(815301076,1909f56bfc062723c751e8b465ee728b)
Start importing Assets/GUI PRO Kit - Simple Casual/Sprite/Component/Frame/Frame_Demo_Common/BasicFrame_Square02_Sky.png using Guid(c60f11d8c0b5b413ba527f6b4b603242) Importer(815301076,1909f56bfc062723c751e8b465ee728b)  -> (artifact id: '7bf6d04b02b2f19b228e67926324269f') in 0.012512 seconds
Number of updated asset objects reloaded before import = 0
Number of asset objects unloaded after import = 3
========================================================================
Received Import Request.
  Time since last request: 0.000011 seconds.
  path: Assets/GUI PRO Kit - Simple Casual/Sprite/Component/Frame/Frame_Demo_Common/BasicFrame_Circle_116_Green2.png
  artifactKey: Guid(ec85861737b174e008a0699c1dc8c322) Importer(815301076,1909f56bfc062723c751e8b465ee728b)
Start importing Assets/GUI PRO Kit - Simple Casual/Sprite/Component/Frame/Frame_Demo_Common/BasicFrame_Circle_116_Green2.png using Guid(ec85861737b174e008a0699c1dc8c322) Importer(815301076,1909f56bfc062723c751e8b465ee728b)  -> (artifact id: '6c61ec74e528d1f39ec4cf6a62d49a8c') in 0.015208 seconds
Number of updated asset objects reloaded before import = 0
Number of asset objects unloaded after import = 3
========================================================================
Received Import Request.
  Time since last request: 0.000015 seconds.
  path: Assets/GUI PRO Kit - Simple Casual/Sprite/Component/Button/Button_Demo_Common/Btn_Rectangle01.png
  artifactKey: Guid(88f2a8b067da847ae8a3698aef800496) Importer(815301076,1909f56bfc062723c751e8b465ee728b)
Start importing Assets/GUI PRO Kit - Simple Casual/Sprite/Component/Button/Button_Demo_Common/Btn_Rectangle01.png using Guid(88f2a8b067da847ae8a3698aef800496) Importer(815301076,1909f56bfc062723c751e8b465ee728b)  -> (artifact id: 'b6eb5c09e510bcc1c91ba1b50ac49061') in 0.014721 seconds
Number of updated asset objects reloaded before import = 0
Number of asset objects unloaded after import = 3
========================================================================
Received Import Request.
  Time since last request: 0.000011 seconds.
  path: Assets/GUI PRO Kit - Simple Casual/Sprite/Component/Frame/Frame_Demo_Dark/BasicFrame_Rectangle02_s_Gray.png
  artifactKey: Guid(a54a00aa58b9b455c895e9312d25164d) Importer(815301076,1909f56bfc062723c751e8b465ee728b)
Start importing Assets/GUI PRO Kit - Simple Casual/Sprite/Component/Frame/Frame_Demo_Dark/BasicFrame_Rectangle02_s_Gray.png using Guid(a54a00aa58b9b455c895e9312d25164d) Importer(815301076,1909f56bfc062723c751e8b465ee728b)  -> (artifact id: '9e7cde60bbe2a6e12246b87446f66f5b') in 0.012204 seconds
Number of updated asset objects reloaded before import = 0
Number of asset objects unloaded after import = 3
========================================================================
Received Import Request.
  Time since last request: 0.000012 seconds.
  path: Assets/GUI PRO Kit - Simple Casual/Sprite/Component/Button/Button_Demo_Common/Btn_MenuButton_Rectangle03_Blue.png
  artifactKey: Guid(9436aa84ec3ab4b6cad066da73e203b3) Importer(815301076,1909f56bfc062723c751e8b465ee728b)
Start importing Assets/GUI PRO Kit - Simple Casual/Sprite/Component/Button/Button_Demo_Common/Btn_MenuButton_Rectangle03_Blue.png using Guid(9436aa84ec3ab4b6cad066da73e203b3) Importer(815301076,1909f56bfc062723c751e8b465ee728b)  -> (artifact id: '258278cffea9b18e605121cccde9ac6b') in 0.013943 seconds
Number of updated asset objects reloaded before import = 0
Number of asset objects unloaded after import = 3
========================================================================
Received Import Request.
  Time since last request: 0.000013 seconds.
  path: Assets/GUI PRO Kit - Simple Casual/Sprite/Component/Frame/Frame_Demo_Common/BasicFrame_Square02_Red.png
  artifactKey: Guid(a07c5b3907ec843a8bca61176e91e92d) Importer(815301076,1909f56bfc062723c751e8b465ee728b)
Start importing Assets/GUI PRO Kit - Simple Casual/Sprite/Component/Frame/Frame_Demo_Common/BasicFrame_Square02_Red.png using Guid(a07c5b3907ec843a8bca61176e91e92d) Importer(815301076,1909f56bfc062723c751e8b465ee728b)  -> (artifact id: 'a9106faa7c5acd39c878732e06dfd6e8') in 0.011762 seconds
Number of updated asset objects reloaded before import = 0
Number of asset objects unloaded after import = 3
========================================================================
Received Import Request.
  Time since last request: 0.000043 seconds.
  path: Assets/GUI PRO Kit - Simple Casual/Sprite/Component/Frame/Frame_Demo_Light/BasicFrame_Oval_63_White.png
  artifactKey: Guid(cd3e15730a4a24d188708ef962a6d300) Importer(815301076,1909f56bfc062723c751e8b465ee728b)
Start importing Assets/GUI PRO Kit - Simple Casual/Sprite/Component/Frame/Frame_Demo_Light/BasicFrame_Oval_63_White.png using Guid(cd3e15730a4a24d188708ef962a6d300) Importer(815301076,1909f56bfc062723c751e8b465ee728b)  -> (artifact id: 'cac1ab872ac4bd723cf84b9cf9cd547a') in 0.006351 seconds
Number of updated asset objects reloaded before import = 0
Number of asset objects unloaded after import = 3
========================================================================
Received Import Request.
  Time since last request: 0.000011 seconds.
  path: Assets/GUI PRO Kit - Simple Casual/Preview/036_Character_Detail.png
  artifactKey: Guid(dc4657ee1d58244518b853eff7d3a4f3) Importer(815301076,1909f56bfc062723c751e8b465ee728b)
Start importing Assets/GUI PRO Kit - Simple Casual/Preview/036_Character_Detail.png using Guid(dc4657ee1d58244518b853eff7d3a4f3) Importer(815301076,1909f56bfc062723c751e8b465ee728b)  -> (artifact id: '2e418e7be99f6ef36c9eb031c32402b5') in 0.013433 seconds
Number of updated asset objects reloaded before import = 0
Number of asset objects unloaded after import = 3
========================================================================
Received Import Request.
  Time since last request: 0.000013 seconds.
  path: Assets/GUI PRO Kit - Simple Casual/Sprite/Component/Frame/Frame_Demo_Light/CardFrame01_Frame2.png
  artifactKey: Guid(4b9f607c92356424680ee7f259b5d4f9) Importer(815301076,1909f56bfc062723c751e8b465ee728b)
Start importing Assets/GUI PRO Kit - Simple Casual/Sprite/Component/Frame/Frame_Demo_Light/CardFrame01_Frame2.png using Guid(4b9f607c92356424680ee7f259b5d4f9) Importer(815301076,1909f56bfc062723c751e8b465ee728b)  -> (artifact id: 'd4a1005892770d977fc9875ff776e187') in 0.011819 seconds
Number of updated asset objects reloaded before import = 0
Number of asset objects unloaded after import = 3
========================================================================
Received Import Request.
  Time since last request: 0.000026 seconds.
  path: Assets/GUI PRO Kit - Simple Casual/Sprite/Component/Frame/Frame_Custom/BasicFrame_Diamond01_White2.png
  artifactKey: Guid(7f3456ae9994d4195ba55902d403c18d) Importer(815301076,1909f56bfc062723c751e8b465ee728b)
Start importing Assets/GUI PRO Kit - Simple Casual/Sprite/Component/Frame/Frame_Custom/BasicFrame_Diamond01_White2.png using Guid(7f3456ae9994d4195ba55902d403c18d) Importer(815301076,1909f56bfc062723c751e8b465ee728b)  -> (artifact id: '273a85e77ca127054f5467e51e2de066') in 0.013561 seconds
Number of updated asset objects reloaded before import = 0
Number of asset objects unloaded after import = 3
========================================================================
Received Import Request.
  Time since last request: 0.000013 seconds.
  path: Assets/GUI PRO Kit - Simple Casual/Sprite/Component/Frame/Frame_Demo_Common/BasicFrame_Circle_154_Green.png
  artifactKey: Guid(0eabab3d6e1d1444c8210c04cbfa18dc) Importer(815301076,1909f56bfc062723c751e8b465ee728b)
Start importing Assets/GUI PRO Kit - Simple Casual/Sprite/Component/Frame/Frame_Demo_Common/BasicFrame_Circle_154_Green.png using Guid(0eabab3d6e1d1444c8210c04cbfa18dc) Importer(815301076,1909f56bfc062723c751e8b465ee728b)  -> (artifact id: 'd85720970be380a8999412d1d2cf7707') in 0.012853 seconds
Number of updated asset objects reloaded before import = 0
Number of asset objects unloaded after import = 3
========================================================================
Received Import Request.
  Time since last request: 0.000046 seconds.
  path: Assets/GUI PRO Kit - Simple Casual/Sprite/Demo/Demo_Icon/Icon_ColorIcon_Ticket_Blue_l.Png
  artifactKey: Guid(41e3d6552ed164af7b075fb0c81739f9) Importer(815301076,1909f56bfc062723c751e8b465ee728b)
Start importing Assets/GUI PRO Kit - Simple Casual/Sprite/Demo/Demo_Icon/Icon_ColorIcon_Ticket_Blue_l.Png using Guid(41e3d6552ed164af7b075fb0c81739f9) Importer(815301076,1909f56bfc062723c751e8b465ee728b)  -> (artifact id: 'c4b72b559f6ee059c392b729b9594068') in 0.015014 seconds
Number of updated asset objects reloaded before import = 0
Number of asset objects unloaded after import = 3
========================================================================
Received Import Request.
  Time since last request: 0.000015 seconds.
  path: Assets/GUI PRO Kit - Simple Casual/Sprite/Demo/Demo_Icon/Icon_WhiteIcon_Arrow01_PageNext.png
  artifactKey: Guid(685cbd29cd0c74338bd3f2dae095ea2b) Importer(815301076,1909f56bfc062723c751e8b465ee728b)
Start importing Assets/GUI PRO Kit - Simple Casual/Sprite/Demo/Demo_Icon/Icon_WhiteIcon_Arrow01_PageNext.png using Guid(685cbd29cd0c74338bd3f2dae095ea2b) Importer(815301076,1909f56bfc062723c751e8b465ee728b)  -> (artifact id: '53e2b31c17743d91fb807dc0e84f545f') in 0.015217 seconds
Number of updated asset objects reloaded before import = 0
Number of asset objects unloaded after import = 3
========================================================================
Received Import Request.
  Time since last request: 0.000015 seconds.
  path: Assets/GUI PRO Kit - Simple Casual/Sprite/Component/Frame/Frame_Demo_Dark/CardFrame01_BackFrame_n_Red.png
  artifactKey: Guid(3e9636f3750334c52bf3bb633343e629) Importer(815301076,1909f56bfc062723c751e8b465ee728b)
Start importing Assets/GUI PRO Kit - Simple Casual/Sprite/Component/Frame/Frame_Demo_Dark/CardFrame01_BackFrame_n_Red.png using Guid(3e9636f3750334c52bf3bb633343e629) Importer(815301076,1909f56bfc062723c751e8b465ee728b)  -> (artifact id: 'e4bf5da59ef7474ce09832f743881dfa') in 0.007012 seconds
Number of updated asset objects reloaded before import = 0
Number of asset objects unloaded after import = 3
========================================================================
Received Import Request.
  Time since last request: 0.000018 seconds.
  path: Assets/GUI PRO Kit - Simple Casual/Sprite/Component/Frame/Frame_Demo_Light/CardFrame01_BackFrame_n_Yellow.png
  artifactKey: Guid(27988ca177f7c4f9b8de42c66088c2d8) Importer(815301076,1909f56bfc062723c751e8b465ee728b)
Start importing Assets/GUI PRO Kit - Simple Casual/Sprite/Component/Frame/Frame_Demo_Light/CardFrame01_BackFrame_n_Yellow.png using Guid(27988ca177f7c4f9b8de42c66088c2d8) Importer(815301076,1909f56bfc062723c751e8b465ee728b)  -> (artifact id: '800c63fb286a52d57187d92ab7d292ef') in 0.014736 seconds
Number of updated asset objects reloaded before import = 0
Number of asset objects unloaded after import = 3
========================================================================
Received Import Request.
  Time since last request: 0.420261 seconds.
  path: Assets/GUI PRO Kit - Simple Casual/Sprite/Demo/Demo_Icon/Icon_WhiteIcon_Facebook.png
  artifactKey: Guid(39919f536df5e45788b820482e450e49) Importer(815301076,1909f56bfc062723c751e8b465ee728b)
Start importing Assets/GUI PRO Kit - Simple Casual/Sprite/Demo/Demo_Icon/Icon_WhiteIcon_Facebook.png using Guid(39919f536df5e45788b820482e450e49) Importer(815301076,1909f56bfc062723c751e8b465ee728b)  -> (artifact id: '054a807dba5d7dda8773015495398592') in 0.013073 seconds
Number of updated asset objects reloaded before import = 0
Number of asset objects unloaded after import = 3
========================================================================
Received Import Request.
  Time since last request: 0.000011 seconds.
  path: Assets/GUI PRO Kit - Simple Casual/Sprite/Demo/Demo_Icon/IconGroup_EquipmentIcon_Helmet.png
  artifactKey: Guid(657ab9dd0875f489486e4c003b264667) Importer(815301076,1909f56bfc062723c751e8b465ee728b)
Start importing Assets/GUI PRO Kit - Simple Casual/Sprite/Demo/Demo_Icon/IconGroup_EquipmentIcon_Helmet.png using Guid(657ab9dd0875f489486e4c003b264667) Importer(815301076,1909f56bfc062723c751e8b465ee728b)  -> (artifact id: '4327ec855bd4acbead2b11c78e03f6dc') in 0.011227 seconds
Number of updated asset objects reloaded before import = 0
Number of asset objects unloaded after import = 3
========================================================================
Received Import Request.
  Time since last request: 0.000011 seconds.
  path: Assets/GUI PRO Kit - Simple Casual/Sprite/Demo/Demo_Icon/IconGroup_MenuIcon5_Gem.png
  artifactKey: Guid(d1f770b1af08343ecbcbbb83fbaacfa7) Importer(815301076,1909f56bfc062723c751e8b465ee728b)
Start importing Assets/GUI PRO Kit - Simple Casual/Sprite/Demo/Demo_Icon/IconGroup_MenuIcon5_Gem.png using Guid(d1f770b1af08343ecbcbbb83fbaacfa7) Importer(815301076,1909f56bfc062723c751e8b465ee728b)  -> (artifact id: '763b0387357fc3fd08f879388efb3521') in 0.011276 seconds
Number of updated asset objects reloaded before import = 0
Number of asset objects unloaded after import = 3
========================================================================
Received Import Request.
  Time since last request: 0.000011 seconds.
  path: Assets/GUI PRO Kit - Simple Casual/Sprite/Demo/Demo_Icon/IconGroup_StatsIcon_Attack.png
  artifactKey: Guid(5e19d38a7a0e446d3b8caef98a3795d4) Importer(815301076,1909f56bfc062723c751e8b465ee728b)
Start importing Assets/GUI PRO Kit - Simple Casual/Sprite/Demo/Demo_Icon/IconGroup_StatsIcon_Attack.png using Guid(5e19d38a7a0e446d3b8caef98a3795d4) Importer(815301076,1909f56bfc062723c751e8b465ee728b)  -> (artifact id: '840ec2244e456d10beb31cb2bb66eed2') in 0.011728 seconds
Number of updated asset objects reloaded before import = 0
Number of asset objects unloaded after import = 3
========================================================================
Received Import Request.
  Time since last request: 0.000010 seconds.
  path: Assets/GUI PRO Kit - Simple Casual/Sprite/Demo/Demo_Image/Image_Cloud_01.png
  artifactKey: Guid(c610a7a872fb34bdfaee82f771ad278e) Importer(815301076,1909f56bfc062723c751e8b465ee728b)
Start importing Assets/GUI PRO Kit - Simple Casual/Sprite/Demo/Demo_Image/Image_Cloud_01.png using Guid(c610a7a872fb34bdfaee82f771ad278e) Importer(815301076,1909f56bfc062723c751e8b465ee728b)  -> (artifact id: 'a385c24d022c40c867a814e4292463f1') in 0.013030 seconds
Number of updated asset objects reloaded before import = 0
Number of asset objects unloaded after import = 3
========================================================================
Received Import Request.
  Time since last request: 0.000010 seconds.
  path: Assets/GUI PRO Kit - Simple Casual/Sprite/Demo/Demo_Icon/icon_WhiteIcon_Graphic.png
  artifactKey: Guid(7ede9062b5509448881daee88d8cbdfc) Importer(815301076,1909f56bfc062723c751e8b465ee728b)
Start importing Assets/GUI PRO Kit - Simple Casual/Sprite/Demo/Demo_Icon/icon_WhiteIcon_Graphic.png using Guid(7ede9062b5509448881daee88d8cbdfc) Importer(815301076,1909f56bfc062723c751e8b465ee728b)  -> (artifact id: '5bf2e39d847192f77f0850392a23e285') in 0.011922 seconds
Number of updated asset objects reloaded before import = 0
Number of asset objects unloaded after import = 3
========================================================================
Received Import Request.
  Time since last request: 0.301159 seconds.
  path: Assets/GUI PRO Kit - Simple Casual/Sprite/Demo/Demo_Image/Image_Effect_Rainbow_8.png
  artifactKey: Guid(fc2c8877d48f84200992a703c1b44f84) Importer(815301076,1909f56bfc062723c751e8b465ee728b)
Start importing Assets/GUI PRO Kit - Simple Casual/Sprite/Demo/Demo_Image/Image_Effect_Rainbow_8.png using Guid(fc2c8877d48f84200992a703c1b44f84) Importer(815301076,1909f56bfc062723c751e8b465ee728b)  -> (artifact id: 'b3a06b0662bc760cd08b8d066c336662') in 0.012858 seconds
Number of updated asset objects reloaded before import = 0
Number of asset objects unloaded after import = 3
========================================================================
Received Import Request.
  Time since last request: 0.000010 seconds.
  path: Assets/GUI PRO Kit - Simple Casual/Sprite/Demo/Demo_Image/ImageGroup_Defeat_Deco_Arrow2.png
  artifactKey: Guid(88eec6c522b5e4bee860a5e0e9659eb3) Importer(815301076,1909f56bfc062723c751e8b465ee728b)
Start importing Assets/GUI PRO Kit - Simple Casual/Sprite/Demo/Demo_Image/ImageGroup_Defeat_Deco_Arrow2.png using Guid(88eec6c522b5e4bee860a5e0e9659eb3) Importer(815301076,1909f56bfc062723c751e8b465ee728b)  -> (artifact id: '1ffe52266b9d086b4d3686fbcf341747') in 0.012182 seconds
Number of updated asset objects reloaded before import = 0
Number of asset objects unloaded after import = 3
========================================================================
Received Import Request.
  Time since last request: 0.000010 seconds.
  path: Assets/GUI PRO Kit - Simple Casual/Sprite/Demo/Demo_Image/ImageGroup_Defeat_Deco_Leaf.png
  artifactKey: Guid(2e72bf25a19b24ef1bbb400512a87f6c) Importer(815301076,1909f56bfc062723c751e8b465ee728b)
Start importing Assets/GUI PRO Kit - Simple Casual/Sprite/Demo/Demo_Image/ImageGroup_Defeat_Deco_Leaf.png using Guid(2e72bf25a19b24ef1bbb400512a87f6c) Importer(815301076,1909f56bfc062723c751e8b465ee728b)  -> (artifact id: '427f9a3de74602aacf37e58fa22cb46e') in 0.016087 seconds
Number of updated asset objects reloaded before import = 0
Number of asset objects unloaded after import = 3
========================================================================
Received Import Request.
  Time since last request: 0.000013 seconds.
  path: Assets/GUI PRO Kit - Simple Casual/Sprite/Component/Frame/Frame_Demo_Dark/ItemFrame01_Frame_d1.png
  artifactKey: Guid(b02caed49f77549d68353cfcd2234daf) Importer(815301076,1909f56bfc062723c751e8b465ee728b)
Start importing Assets/GUI PRO Kit - Simple Casual/Sprite/Component/Frame/Frame_Demo_Dark/ItemFrame01_Frame_d1.png using Guid(b02caed49f77549d68353cfcd2234daf) Importer(815301076,1909f56bfc062723c751e8b465ee728b)  -> (artifact id: '5a83b444eef5f78f98d5e59e35002215') in 0.009677 seconds
Number of updated asset objects reloaded before import = 0
Number of asset objects unloaded after import = 3
========================================================================
Received Import Request.
  Time since last request: 0.000045 seconds.
  path: Assets/GUI PRO Kit - Simple Casual/Sprite/Demo/Demo_Image/ImageGroup_Saving_White3.png
  artifactKey: Guid(a6b66442e70484504873a4ab19de81b3) Importer(815301076,1909f56bfc062723c751e8b465ee728b)
Start importing Assets/GUI PRO Kit - Simple Casual/Sprite/Demo/Demo_Image/ImageGroup_Saving_White3.png using Guid(a6b66442e70484504873a4ab19de81b3) Importer(815301076,1909f56bfc062723c751e8b465ee728b)  -> (artifact id: 'ffba61dac7b6a9b7e1cce97e26d75d5d') in 0.013746 seconds
Number of updated asset objects reloaded before import = 0
Number of asset objects unloaded after import = 3
========================================================================
Received Import Request.
  Time since last request: 8.679858 seconds.
  path: Assets/GUI PRO Kit - Simple Casual/Sprite/Demo/Demo_Icon/Icon_ColorIcon_Lock01.png
  artifactKey: Guid(dbfc15b478c464c1a97282bebbe26f93) Importer(815301076,1909f56bfc062723c751e8b465ee728b)
Start importing Assets/GUI PRO Kit - Simple Casual/Sprite/Demo/Demo_Icon/Icon_ColorIcon_Lock01.png using Guid(dbfc15b478c464c1a97282bebbe26f93) Importer(815301076,1909f56bfc062723c751e8b465ee728b)  -> (artifact id: '25c75c5f40ddeb846706e98465449124') in 0.036225 seconds
Number of updated asset objects reloaded before import = 0
Number of asset objects unloaded after import = 3
========================================================================
Received Import Request.
  Time since last request: 0.000049 seconds.
  path: Assets/GUI PRO Kit - Simple Casual/Sprite/Demo/Demo_Icon/Icon_WhiteIcon_Alarm.png
  artifactKey: Guid(72c59a65a53604ae1a7055c02d8cd556) Importer(815301076,1909f56bfc062723c751e8b465ee728b)
Start importing Assets/GUI PRO Kit - Simple Casual/Sprite/Demo/Demo_Icon/Icon_WhiteIcon_Alarm.png using Guid(72c59a65a53604ae1a7055c02d8cd556) Importer(815301076,1909f56bfc062723c751e8b465ee728b)  -> (artifact id: '4a3fed814c5b77263c9980ca62ebd974') in 0.030483 seconds
Number of updated asset objects reloaded before import = 0
Number of asset objects unloaded after import = 3
========================================================================
Received Import Request.
  Time since last request: 0.000106 seconds.
  path: Assets/GUI PRO Kit - Simple Casual/Sprite/Demo/Demo_Icon/Icon_ColorIcon_Map01.png
  artifactKey: Guid(f9b599c249feb4a2cb2efcd166c4a46c) Importer(815301076,1909f56bfc062723c751e8b465ee728b)
Start importing Assets/GUI PRO Kit - Simple Casual/Sprite/Demo/Demo_Icon/Icon_ColorIcon_Map01.png using Guid(f9b599c249feb4a2cb2efcd166c4a46c) Importer(815301076,1909f56bfc062723c751e8b465ee728b)  -> (artifact id: 'ca83f733427a84d0309e7bbfa93b939b') in 0.043776 seconds
Number of updated asset objects reloaded before import = 0
Number of asset objects unloaded after import = 3
========================================================================
Received Import Request.
  Time since last request: 0.468817 seconds.
  path: Assets/GUI PRO Kit - Simple Casual/Sprite/Demo/Demo_Character/CardCharacter_s_Sample04.png
  artifactKey: Guid(0d260255a6d33405eb44d42033e643b6) Importer(815301076,1909f56bfc062723c751e8b465ee728b)
Start importing Assets/GUI PRO Kit - Simple Casual/Sprite/Demo/Demo_Character/CardCharacter_s_Sample04.png using Guid(0d260255a6d33405eb44d42033e643b6) Importer(815301076,1909f56bfc062723c751e8b465ee728b)  -> (artifact id: 'd686764d92911f2c832d7721eb64914d') in 0.011687 seconds
Number of updated asset objects reloaded before import = 0
Number of asset objects unloaded after import = 3
========================================================================
Received Import Request.
  Time since last request: 0.000015 seconds.
  path: Assets/GUI PRO Kit - Simple Casual/Sprite/Demo/Demo_Character/CardCharacter_l_Sample02.png
  artifactKey: Guid(1e7151342e980464a88db1ae971d80f7) Importer(815301076,1909f56bfc062723c751e8b465ee728b)
Start importing Assets/GUI PRO Kit - Simple Casual/Sprite/Demo/Demo_Character/CardCharacter_l_Sample02.png using Guid(1e7151342e980464a88db1ae971d80f7) Importer(815301076,1909f56bfc062723c751e8b465ee728b)  -> (artifact id: '704f3ae0e6f7a612ee2f9c32cebd5a9c') in 0.012513 seconds
Number of updated asset objects reloaded before import = 0
Number of asset objects unloaded after import = 3
========================================================================
Received Import Request.
  Time since last request: 0.015579 seconds.
  path: Assets/GUI PRO Kit - Simple Casual/Sprite/Demo/Demo_Character/CardCharacter_l_Dim_LIght_Sample01.png
  artifactKey: Guid(c5afd1e24839e4837b82f3bf14ed495a) Importer(815301076,1909f56bfc062723c751e8b465ee728b)
Start importing Assets/GUI PRO Kit - Simple Casual/Sprite/Demo/Demo_Character/CardCharacter_l_Dim_LIght_Sample01.png using Guid(c5afd1e24839e4837b82f3bf14ed495a) Importer(815301076,1909f56bfc062723c751e8b465ee728b)  -> (artifact id: '693fcfc16206b225f46fb728c3d347e9') in 0.012560 seconds
Number of updated asset objects reloaded before import = 0
Number of asset objects unloaded after import = 3
========================================================================
Received Import Request.
  Time since last request: 0.032474 seconds.
  path: Assets/GUI PRO Kit - Simple Casual/Sprite/Component/Button/Button_Custom/Btn_MenuButton_Rectangle00_White.png
  artifactKey: Guid(3b5eea0d0618d4b5990daedbe44c8847) Importer(815301076,1909f56bfc062723c751e8b465ee728b)
Start importing Assets/GUI PRO Kit - Simple Casual/Sprite/Component/Button/Button_Custom/Btn_MenuButton_Rectangle00_White.png using Guid(3b5eea0d0618d4b5990daedbe44c8847) Importer(815301076,1909f56bfc062723c751e8b465ee728b)  -> (artifact id: '75a459b749278bb1e6fde57e42fa1ef3') in 0.014091 seconds
Number of updated asset objects reloaded before import = 0
Number of asset objects unloaded after import = 3
========================================================================
Received Import Request.
  Time since last request: 0.000240 seconds.
  path: Assets/GUI PRO Kit - Simple Casual/Sprite/Component/Button/Button_Demo_Common/Btn_IconButton_Circle_121.png
  artifactKey: Guid(feed8ee8cb5154064ad65862e44f1d8b) Importer(815301076,1909f56bfc062723c751e8b465ee728b)
Start importing Assets/GUI PRO Kit - Simple Casual/Sprite/Component/Button/Button_Demo_Common/Btn_IconButton_Circle_121.png using Guid(feed8ee8cb5154064ad65862e44f1d8b) Importer(815301076,1909f56bfc062723c751e8b465ee728b)  -> (artifact id: '46926b9974dc0ebd4c4057146abbee75') in 0.011874 seconds
Number of updated asset objects reloaded before import = 0
Number of asset objects unloaded after import = 3
========================================================================
Received Import Request.
  Time since last request: 0.030060 seconds.
  path: Assets/GUI PRO Kit - Simple Casual/Sprite/Demo/Demo_Background/Background_Gradatient02_White.png
  artifactKey: Guid(67009ca88c9c14f08b4c85973a54347a) Importer(815301076,1909f56bfc062723c751e8b465ee728b)
Start importing Assets/GUI PRO Kit - Simple Casual/Sprite/Demo/Demo_Background/Background_Gradatient02_White.png using Guid(67009ca88c9c14f08b4c85973a54347a) Importer(815301076,1909f56bfc062723c751e8b465ee728b)  -> (artifact id: 'f678d75aa21b5cf389b36dc82f8d2639') in 0.014377 seconds
Number of updated asset objects reloaded before import = 0
Number of asset objects unloaded after import = 3
========================================================================
Received Import Request.
  Time since last request: 0.000053 seconds.
  path: Assets/GUI PRO Kit - Simple Casual/Sprite/Demo/Demo_Background/Background_ScreenGlow.png
  artifactKey: Guid(ce369e4dfcac246fc9304337cb93050e) Importer(815301076,1909f56bfc062723c751e8b465ee728b)
Start importing Assets/GUI PRO Kit - Simple Casual/Sprite/Demo/Demo_Background/Background_ScreenGlow.png using Guid(ce369e4dfcac246fc9304337cb93050e) Importer(815301076,1909f56bfc062723c751e8b465ee728b)  -> (artifact id: '445879d1d69021145b33394d858cf748') in 0.014197 seconds
Number of updated asset objects reloaded before import = 0
Number of asset objects unloaded after import = 3
========================================================================
Received Import Request.
  Time since last request: 0.026068 seconds.
  path: Assets/GUI PRO Kit - Simple Casual/Preview/099_Shop_Gold.png
  artifactKey: Guid(111ede1bf8ecb4869bd818b26b2b1bab) Importer(815301076,1909f56bfc062723c751e8b465ee728b)
Start importing Assets/GUI PRO Kit - Simple Casual/Preview/099_Shop_Gold.png using Guid(111ede1bf8ecb4869bd818b26b2b1bab) Importer(815301076,1909f56bfc062723c751e8b465ee728b)  -> (artifact id: 'a74ae29ef3d50b62fd5eab56ee9d0ce5') in 0.012480 seconds
Number of updated asset objects reloaded before import = 0
Number of asset objects unloaded after import = 3
========================================================================
Received Import Request.
  Time since last request: 0.000127 seconds.
  path: Assets/GUI PRO Kit - Simple Casual/Preview/089_News.png
  artifactKey: Guid(5e3b390f317f14773b828df731f774ce) Importer(815301076,1909f56bfc062723c751e8b465ee728b)
Start importing Assets/GUI PRO Kit - Simple Casual/Preview/089_News.png using Guid(5e3b390f317f14773b828df731f774ce) Importer(815301076,1909f56bfc062723c751e8b465ee728b)  -> (artifact id: '269c106db029c03171fce0bb4fd38140') in 0.014606 seconds
Number of updated asset objects reloaded before import = 0
Number of asset objects unloaded after import = 3
========================================================================
Received Import Request.
  Time since last request: 0.000019 seconds.
  path: Assets/GUI PRO Kit - Simple Casual/Preview/041_Equipment_Popup_Detail.png
  artifactKey: Guid(77ca82b88d6414cbe81125da5eb28a40) Importer(815301076,1909f56bfc062723c751e8b465ee728b)
Start importing Assets/GUI PRO Kit - Simple Casual/Preview/041_Equipment_Popup_Detail.png using Guid(77ca82b88d6414cbe81125da5eb28a40) Importer(815301076,1909f56bfc062723c751e8b465ee728b)  -> (artifact id: '3a0dbfdbf9005ffdd425ebe3767f1714') in 0.013097 seconds
Number of updated asset objects reloaded before import = 0
Number of asset objects unloaded after import = 3
========================================================================
Received Import Request.
  Time since last request: 0.000017 seconds.
  path: Assets/GUI PRO Kit - Simple Casual/Preview/044_Clan.png
  artifactKey: Guid(cc14bf4132adb4f0da7291a488f0e787) Importer(815301076,1909f56bfc062723c751e8b465ee728b)
Start importing Assets/GUI PRO Kit - Simple Casual/Preview/044_Clan.png using Guid(cc14bf4132adb4f0da7291a488f0e787) Importer(815301076,1909f56bfc062723c751e8b465ee728b)  -> (artifact id: '51561b2e483b13256bab46c0d974d562') in 0.012530 seconds
Number of updated asset objects reloaded before import = 0
Number of asset objects unloaded after import = 3
========================================================================
Received Import Request.
  Time since last request: 0.000010 seconds.
  path: Assets/GUI PRO Kit - Simple Casual/Preview/039_Equipment.png
  artifactKey: Guid(decf85129cdb0495687c8ee711d19159) Importer(815301076,1909f56bfc062723c751e8b465ee728b)
Start importing Assets/GUI PRO Kit - Simple Casual/Preview/039_Equipment.png using Guid(decf85129cdb0495687c8ee711d19159) Importer(815301076,1909f56bfc062723c751e8b465ee728b)  -> (artifact id: '1576db8f9bef1c068844cf0e3b4cc122') in 0.015515 seconds
Number of updated asset objects reloaded before import = 0
Number of asset objects unloaded after import = 3
========================================================================
Received Import Request.
  Time since last request: 0.684479 seconds.
  path: Assets/GUI PRO Kit - Simple Casual/Preview/105_Error_Network.png
  artifactKey: Guid(09a2153d3cd7a4b7b97d2ed0d7e8f0de) Importer(815301076,1909f56bfc062723c751e8b465ee728b)
Start importing Assets/GUI PRO Kit - Simple Casual/Preview/105_Error_Network.png using Guid(09a2153d3cd7a4b7b97d2ed0d7e8f0de) Importer(815301076,1909f56bfc062723c751e8b465ee728b)  -> (artifact id: '0fbc136871b812bb94791e7f4b1b3d22') in 0.013625 seconds
Number of updated asset objects reloaded before import = 0
Number of asset objects unloaded after import = 3
========================================================================
Received Import Request.
  Time since last request: 0.001876 seconds.
  path: Assets/GUI PRO Kit - Simple Casual/Sprite/Component/Frame/Frame_Custom/BasicFrame_Circle_337_White.png
  artifactKey: Guid(167b137cb08934c1795a4a64c1603800) Importer(815301076,1909f56bfc062723c751e8b465ee728b)
Start importing Assets/GUI PRO Kit - Simple Casual/Sprite/Component/Frame/Frame_Custom/BasicFrame_Circle_337_White.png using Guid(167b137cb08934c1795a4a64c1603800) Importer(815301076,1909f56bfc062723c751e8b465ee728b)  -> (artifact id: 'aaf8fce0c5ff2d72296c15d867859994') in 0.014413 seconds
Number of updated asset objects reloaded before import = 0
Number of asset objects unloaded after import = 3
========================================================================
Received Import Request.
  Time since last request: 0.056335 seconds.
  path: Assets/GUI PRO Kit - Simple Casual/Sprite/Demo/Demo_Icon/Icon_WhiteIcon_Restart.png
  artifactKey: Guid(98dbae1b612a8408ca9252d6c026b3ca) Importer(815301076,1909f56bfc062723c751e8b465ee728b)
Start importing Assets/GUI PRO Kit - Simple Casual/Sprite/Demo/Demo_Icon/Icon_WhiteIcon_Restart.png using Guid(98dbae1b612a8408ca9252d6c026b3ca) Importer(815301076,1909f56bfc062723c751e8b465ee728b)  -> (artifact id: 'bf921e6a5778278e360bc1edafd58548') in 0.013349 seconds
Number of updated asset objects reloaded before import = 0
Number of asset objects unloaded after import = 3
========================================================================
Received Import Request.
  Time since last request: 0.000019 seconds.
  path: Assets/GUI PRO Kit - Simple Casual/Sprite/Demo/Demo_Icon/IconGroup_MenuIcon01_Book.png
  artifactKey: Guid(fb7f46471e2754f17b1d615e9a87a63e) Importer(815301076,1909f56bfc062723c751e8b465ee728b)
Start importing Assets/GUI PRO Kit - Simple Casual/Sprite/Demo/Demo_Icon/IconGroup_MenuIcon01_Book.png using Guid(fb7f46471e2754f17b1d615e9a87a63e) Importer(815301076,1909f56bfc062723c751e8b465ee728b)  -> (artifact id: '22f6f40ec7673c0b19fe970cf9fa6d8a') in 0.014999 seconds
Number of updated asset objects reloaded before import = 0
Number of asset objects unloaded after import = 3
========================================================================
Received Import Request.
  Time since last request: 0.000021 seconds.
  path: Assets/GUI PRO Kit - Simple Casual/Sprite/Demo/Demo_Icon/IconGroup_MenuIcon02_Calendar.png
  artifactKey: Guid(07c05010bdeaf403b951fb12394ddcac) Importer(815301076,1909f56bfc062723c751e8b465ee728b)
Start importing Assets/GUI PRO Kit - Simple Casual/Sprite/Demo/Demo_Icon/IconGroup_MenuIcon02_Calendar.png using Guid(07c05010bdeaf403b951fb12394ddcac) Importer(815301076,1909f56bfc062723c751e8b465ee728b)  -> (artifact id: '71eda176a047f981a3bd6b8c851cbfbc') in 0.012081 seconds
Number of updated asset objects reloaded before import = 0
Number of asset objects unloaded after import = 3
========================================================================
Received Import Request.
  Time since last request: 0.000012 seconds.
  path: Assets/GUI PRO Kit - Simple Casual/Sprite/Demo/Demo_Icon/IconGroup_StatsIcon01_02.png
  artifactKey: Guid(5df367024fd9a42d993d65056dbf8944) Importer(815301076,1909f56bfc062723c751e8b465ee728b)
Start importing Assets/GUI PRO Kit - Simple Casual/Sprite/Demo/Demo_Icon/IconGroup_StatsIcon01_02.png using Guid(5df367024fd9a42d993d65056dbf8944) Importer(815301076,1909f56bfc062723c751e8b465ee728b)  -> (artifact id: 'ae80c0173e0cc0e3577f7ac9dae9bf5e') in 0.008471 seconds
Number of updated asset objects reloaded before import = 0
Number of asset objects unloaded after import = 3
========================================================================
Received Import Request.
  Time since last request: 0.000011 seconds.
  path: Assets/GUI PRO Kit - Simple Casual/Sprite/Demo/Demo_Icon/IconGroup_SkillIcon_2_d.png
  artifactKey: Guid(a04f8182456cb42b79478ab64472a053) Importer(815301076,1909f56bfc062723c751e8b465ee728b)
Start importing Assets/GUI PRO Kit - Simple Casual/Sprite/Demo/Demo_Icon/IconGroup_SkillIcon_2_d.png using Guid(a04f8182456cb42b79478ab64472a053) Importer(815301076,1909f56bfc062723c751e8b465ee728b)  -> (artifact id: '19701ba60bd9e687bc85794bfaefb57f') in 0.011159 seconds
Number of updated asset objects reloaded before import = 0
Number of asset objects unloaded after import = 3
========================================================================
Received Import Request.
  Time since last request: 0.000041 seconds.
  path: Assets/GUI PRO Kit - Simple Casual/Sprite/Component/UI_Etc/InputField_Frame.png
  artifactKey: Guid(2d67980f715d24c6cb42a3744ea3806e) Importer(815301076,1909f56bfc062723c751e8b465ee728b)
Start importing Assets/GUI PRO Kit - Simple Casual/Sprite/Component/UI_Etc/InputField_Frame.png using Guid(2d67980f715d24c6cb42a3744ea3806e) Importer(815301076,1909f56bfc062723c751e8b465ee728b)  -> (artifact id: 'abb30cb6ff2158a93bc85f9ceaa225d9') in 0.013701 seconds
Number of updated asset objects reloaded before import = 0
Number of asset objects unloaded after import = 3
========================================================================
Received Import Request.
  Time since last request: 0.000016 seconds.
  path: Assets/GUI PRO Kit - Simple Casual/Sprite/Demo/Demo_ItemIcon_(OriginalSize)/itemicon_coin_gold_dollar.png
  artifactKey: Guid(d6cf061d12ac44b37b01bc246fe5988b) Importer(815301076,1909f56bfc062723c751e8b465ee728b)
Start importing Assets/GUI PRO Kit - Simple Casual/Sprite/Demo/Demo_ItemIcon_(OriginalSize)/itemicon_coin_gold_dollar.png using Guid(d6cf061d12ac44b37b01bc246fe5988b) Importer(815301076,1909f56bfc062723c751e8b465ee728b)  -> (artifact id: '0406a9a947c92e143e10d247a9a87533') in 0.013059 seconds
Number of updated asset objects reloaded before import = 0
Number of asset objects unloaded after import = 3
========================================================================
Received Import Request.
  Time since last request: 0.000012 seconds.
  path: Assets/GUI PRO Kit - Simple Casual/Sprite/Demo/Demo_Icon/Icon_WhiteIcon_Setting_l.png
  artifactKey: Guid(8eb6f08de052f46099ca676e519a7962) Importer(815301076,1909f56bfc062723c751e8b465ee728b)
Start importing Assets/GUI PRO Kit - Simple Casual/Sprite/Demo/Demo_Icon/Icon_WhiteIcon_Setting_l.png using Guid(8eb6f08de052f46099ca676e519a7962) Importer(815301076,1909f56bfc062723c751e8b465ee728b)  -> (artifact id: '64cc2f4ab188893d5575efd422173df4') in 0.012453 seconds
Number of updated asset objects reloaded before import = 0
Number of asset objects unloaded after import = 3
========================================================================
Received Import Request.
  Time since last request: 0.000011 seconds.
  path: Assets/GUI PRO Kit - Simple Casual/Sprite/Demo/Demo_Play/Joystick_Direction_Focus_3_White.png
  artifactKey: Guid(60412e9f7821648248ebeb99451f5130) Importer(815301076,1909f56bfc062723c751e8b465ee728b)
Start importing Assets/GUI PRO Kit - Simple Casual/Sprite/Demo/Demo_Play/Joystick_Direction_Focus_3_White.png using Guid(60412e9f7821648248ebeb99451f5130) Importer(815301076,1909f56bfc062723c751e8b465ee728b)  -> (artifact id: '133c9592a88ca0e4eb1bb5cc161c0865') in 0.009338 seconds
Number of updated asset objects reloaded before import = 0
Number of asset objects unloaded after import = 3
========================================================================
Received Import Request.
  Time since last request: 0.061639 seconds.
  path: Assets/GUI PRO Kit - Simple Casual/Sprite/Demo/Demo_CountryFlag/Language_Flag_l_Ind.Png
  artifactKey: Guid(15b48799240f247e4a805aa07a596697) Importer(815301076,1909f56bfc062723c751e8b465ee728b)
Start importing Assets/GUI PRO Kit - Simple Casual/Sprite/Demo/Demo_CountryFlag/Language_Flag_l_Ind.Png using Guid(15b48799240f247e4a805aa07a596697) Importer(815301076,1909f56bfc062723c751e8b465ee728b)  -> (artifact id: '7520112e06bfad18596c0b6777422624') in 0.012302 seconds
Number of updated asset objects reloaded before import = 0
Number of asset objects unloaded after import = 3
========================================================================
Received Import Request.
  Time since last request: 0.000011 seconds.
  path: Assets/GUI PRO Kit - Simple Casual/Sprite/Demo/Demo_CountryFlag/Language_Flag_s_00_Tha.png
  artifactKey: Guid(a343a752f59e94fbcbc3634f7995154c) Importer(815301076,1909f56bfc062723c751e8b465ee728b)
Start importing Assets/GUI PRO Kit - Simple Casual/Sprite/Demo/Demo_CountryFlag/Language_Flag_s_00_Tha.png using Guid(a343a752f59e94fbcbc3634f7995154c) Importer(815301076,1909f56bfc062723c751e8b465ee728b)  -> (artifact id: '3c712283fbf3ff68fec9e75e2b87863f') in 0.013005 seconds
Number of updated asset objects reloaded before import = 0
Number of asset objects unloaded after import = 3
========================================================================
Received Import Request.
  Time since last request: 0.032729 seconds.
  path: Assets/GUI PRO Kit - Simple Casual/Sprite/Component/Slider/Slider_Custom/Slider07_White_Fill1.png
  artifactKey: Guid(cb15511bb05244be58f164b8bb8f495e) Importer(815301076,1909f56bfc062723c751e8b465ee728b)
Start importing Assets/GUI PRO Kit - Simple Casual/Sprite/Component/Slider/Slider_Custom/Slider07_White_Fill1.png using Guid(cb15511bb05244be58f164b8bb8f495e) Importer(815301076,1909f56bfc062723c751e8b465ee728b)  -> (artifact id: '3803a3aa4eda37b4735c796bc4d5d3a4') in 0.021145 seconds
Number of updated asset objects reloaded before import = 0
Number of asset objects unloaded after import = 3
========================================================================
Received Import Request.
  Time since last request: 0.000062 seconds.
  path: Assets/GUI PRO Kit - Simple Casual/Sprite/Component/Slider/Slider_Custom/Slider13_White_Fill2.png
  artifactKey: Guid(81a6b394226394ad39ef7e92a8ecb4b3) Importer(815301076,1909f56bfc062723c751e8b465ee728b)
Start importing Assets/GUI PRO Kit - Simple Casual/Sprite/Component/Slider/Slider_Custom/Slider13_White_Fill2.png using Guid(81a6b394226394ad39ef7e92a8ecb4b3) Importer(815301076,1909f56bfc062723c751e8b465ee728b)  -> (artifact id: '92bbaf0facd7f503726ae4a8df58d4ba') in 0.005454 seconds
Number of updated asset objects reloaded before import = 0
Number of asset objects unloaded after import = 3
========================================================================
Received Import Request.
  Time since last request: 0.000009 seconds.
  path: Assets/GUI PRO Kit - Simple Casual/Sprite/Component/Slider/Slider_Demo_Light/Slider14_Fill.png
  artifactKey: Guid(69575400c485f4006807b1e2ad052397) Importer(815301076,1909f56bfc062723c751e8b465ee728b)
Start importing Assets/GUI PRO Kit - Simple Casual/Sprite/Component/Slider/Slider_Demo_Light/Slider14_Fill.png using Guid(69575400c485f4006807b1e2ad052397) Importer(815301076,1909f56bfc062723c751e8b465ee728b)  -> (artifact id: '429dd0e58c67841a9885f58d92735203') in 0.005510 seconds
Number of updated asset objects reloaded before import = 0
Number of asset objects unloaded after import = 3
========================================================================
Received Import Request.
  Time since last request: 0.001005 seconds.
  path: Assets/GUI PRO Kit - Simple Casual/Sprite/Component/Slider/Slider_Demo_Dark/SliderGroup_Player1_FillArea.png
  artifactKey: Guid(8ef1ae52cd4e44aa4bb5b971144985fd) Importer(815301076,1909f56bfc062723c751e8b465ee728b)
Start importing Assets/GUI PRO Kit - Simple Casual/Sprite/Component/Slider/Slider_Demo_Dark/SliderGroup_Player1_FillArea.png using Guid(8ef1ae52cd4e44aa4bb5b971144985fd) Importer(815301076,1909f56bfc062723c751e8b465ee728b)  -> (artifact id: 'cefff442878fc76aa6278b64c947954f') in 0.010464 seconds
Number of updated asset objects reloaded before import = 0
Number of asset objects unloaded after import = 3
========================================================================
Received Import Request.
  Time since last request: 0.000767 seconds.
  path: Assets/GUI PRO Kit - Simple Casual/Sprite/Component/Slider/Slider_Custom/SliderGroup_Player2_White_Icon4.png
  artifactKey: Guid(f9acce54227aa405383479af5a13a405) Importer(815301076,1909f56bfc062723c751e8b465ee728b)
Start importing Assets/GUI PRO Kit - Simple Casual/Sprite/Component/Slider/Slider_Custom/SliderGroup_Player2_White_Icon4.png using Guid(f9acce54227aa405383479af5a13a405) Importer(815301076,1909f56bfc062723c751e8b465ee728b)  -> (artifact id: 'b6aee62435bc4895ff95631edac72262') in 0.013741 seconds
Number of updated asset objects reloaded before import = 0
Number of asset objects unloaded after import = 3
========================================================================
Received Import Request.
  Time since last request: 0.354210 seconds.
  path: Assets/GUI PRO Kit - Simple Casual/Sprite/Component/Slider/Slider_Demo_Light/SliderGroup_UserInfo_Icon01_1.png
  artifactKey: Guid(dd896abfb4d7d40ab9e375c05cd3cfb8) Importer(815301076,1909f56bfc062723c751e8b465ee728b)
Start importing Assets/GUI PRO Kit - Simple Casual/Sprite/Component/Slider/Slider_Demo_Light/SliderGroup_UserInfo_Icon01_1.png using Guid(dd896abfb4d7d40ab9e375c05cd3cfb8) Importer(815301076,1909f56bfc062723c751e8b465ee728b)  -> (artifact id: 'a1dd429ac4b70f2f976e3ccc80262089') in 0.010416 seconds
Number of updated asset objects reloaded before import = 0
Number of asset objects unloaded after import = 3
========================================================================
Received Import Request.
  Time since last request: 0.000015 seconds.
  path: Assets/GUI PRO Kit - Simple Casual/Sprite/Demo/Demo_Play/Spin_Frame6.png
  artifactKey: Guid(3a6f0657fb6004cea8bca5cf4abf5812) Importer(815301076,1909f56bfc062723c751e8b465ee728b)
Start importing Assets/GUI PRO Kit - Simple Casual/Sprite/Demo/Demo_Play/Spin_Frame6.png using Guid(3a6f0657fb6004cea8bca5cf4abf5812) Importer(815301076,1909f56bfc062723c751e8b465ee728b)  -> (artifact id: '722c8a355f2b37342229b6674b74a828') in 0.012330 seconds
Number of updated asset objects reloaded before import = 0
Number of asset objects unloaded after import = 3
========================================================================
Received Import Request.
  Time since last request: 0.000011 seconds.
  path: Assets/GUI PRO Kit - Simple Casual/Sprite/Component/Frame/Frame_Demo_Light/StageFrame_d.png
  artifactKey: Guid(e7e5205428c894f729e00d2bea72a76a) Importer(815301076,1909f56bfc062723c751e8b465ee728b)
Start importing Assets/GUI PRO Kit - Simple Casual/Sprite/Component/Frame/Frame_Demo_Light/StageFrame_d.png using Guid(e7e5205428c894f729e00d2bea72a76a) Importer(815301076,1909f56bfc062723c751e8b465ee728b)  -> (artifact id: '8db3ffc9a620f81893be26fcee23054b') in 0.011328 seconds
Number of updated asset objects reloaded before import = 0
Number of asset objects unloaded after import = 3
========================================================================
Received Import Request.
  Time since last request: 0.344642 seconds.
  path: Assets/GUI PRO Kit - Simple Casual/Sprite/Component/Frame/Frame_Demo_Light/TableFrame08.png
  artifactKey: Guid(046326c2c7c214852bb694dcd7e26f84) Importer(815301076,1909f56bfc062723c751e8b465ee728b)
Start importing Assets/GUI PRO Kit - Simple Casual/Sprite/Component/Frame/Frame_Demo_Light/TableFrame08.png using Guid(046326c2c7c214852bb694dcd7e26f84) Importer(815301076,1909f56bfc062723c751e8b465ee728b)  -> (artifact id: 'bc7173043eeb1eb0524aae353afa85a5') in 0.012897 seconds
Number of updated asset objects reloaded before import = 0
Number of asset objects unloaded after import = 3
Editor requested this worker to shutdown with reason: Scaling down because of idle timeout
TcpMessagingSession - receive error: operation aborted. errorcode: 995, details:  I/O 
AssetImportWorker is now disconnected from the server
Process exiting
Exiting without the bug reporter. Application will terminate with return code 0